{"meta": {"format": 3, "version": "7.15.2", "timestamp": "2026-08-26T14:46:15.946412", "branch_coverage": false, "show_contexts": false}, "files": {"app\\__init__.py": {"executed_lines": [], "summary": {"covered_lines": 0, "num_statements": 0, "percent_covered": 100.0, "percent_covered_display": "100", "missing_lines": 0, "excluded_lines": 0, "percent_statements_covered": 100.0, "percent_statements_covered_display": "100"}, "missing_lines": [], "excluded_lines": [], "functions": {"": {"executed_lines": [], "summary": {"covered_lines": 0, "num_statements": 0, "percent_covered": 100.0, "percent_covered_display": "100", "missing_lines": 0, "excluded_lines": 0, "percent_statements_covered": 100.0, "percent_statements_covered_display": "100"}, "missing_lines": [], "excluded_lines": [], "start_line": 1}}, "classes": {"": {"executed_lines": [], "summary": {"covered_lines": 0, "num_statements": 0, "percent_covered": 100.0, "percent_covered_display": "100", "missing_lines": 0, "excluded_lines": 0, "percent_statements_covered": 100.0, "percent_statements_covered_display": "100"}, "missing_lines": [], "excluded_lines": [], "start_line": 1}}}, "app\\api\\__init__.py": {"executed_lines": [], "summary": {"covered_lines": 0, "num_statements": 0, "percent_covered": 100.0, "percent_covered_display": "100", "missing_lines": 0, "excluded_lines": 0, "percent_statements_covered": 100.0, "percent_statements_covered_display": "100"}, "missing_lines": [], "excluded_lines": [], "functions": {"": {"executed_lines": [], "summary": {"covered_lines": 0, "num_statements": 0, "percent_covered": 100.0, "percent_covered_display": "100", "missing_lines": 0, "excluded_lines": 0, "percent_statements_covered": 100.0, "percent_statements_covered_display": "100"}, "missing_lines": [], "excluded_lines": [], "start_line": 1}}, "classes": {"": {"executed_lines": [], "summary": {"covered_lines": 0, "num_statements": 0, "percent_covered": 100.0, "percent_covered_display": "100", "missing_lines": 0, "excluded_lines": 0, "percent_statements_covered": 100.0, "percent_statements_covered_display": "100"}, "missing_lines": [], "excluded_lines": [], "start_line": 1}}}, "app\\api\\v1\\__init__.py": {"executed_lines": [], "summary": {"covered_lines": 0, "num_statements": 0, "percent_covered": 100.0, "percent_covered_display": "100", "missing_lines": 0, "excluded_lines": 0, "percent_statements_covered": 100.0, "percent_statements_covered_display": "100"}, "missing_lines": [], "excluded_lines": [], "functions": {"": {"executed_lines": [], "summary": {"covered_lines": 0, "num_statements": 0, "percent_covered": 100.0, "percent_covered_display": "100", "missing_lines": 0, "excluded_lines": 0, "percent_statements_covered": 100.0, "percent_statements_covered_display": "100"}, "missing_lines": [], "excluded_lines": [], "start_line": 1}}, "classes": {"": {"executed_lines": [], "summary": {"covered_lines": 0, "num_statements": 0, "percent_covered": 100.0, "percent_covered_display": "100", "missing_lines": 0, "excluded_lines": 0, "percent_statements_covered": 100.0, "percent_statements_covered_display": "100"}, "missing_lines": [], "excluded_lines": [], "start_line": 1}}}, "app\\api\\v1\\api.py": {"executed_lines": [2, 3, 5, 8, 9, 10, 11, 12, 13, 14, 15, 16], "summary": {"covered_lines": 12, "num_statements": 12, "percent_covered": 100.0, "percent_covered_display": "100", "missing_lines": 0, "excluded_lines": 0, "percent_statements_covered": 100.0, "percent_statements_covered_display": "100"}, "missing_lines": [], "excluded_lines": [], "functions": {"": {"executed_lines": [2, 3, 5, 8, 9, 10, 11, 12, 13, 14, 15, 16], "summary": {"covered_lines": 12, "num_statements": 12, "percent_covered": 100.0, "percent_covered_display": "100", "missing_lines": 0, "excluded_lines": 0, "percent_statements_covered": 100.0, "percent_statements_covered_display": "100"}, "missing_lines": [], "excluded_lines": [], "start_line": 1}}, "classes": {"": {"executed_lines": [2, 3, 5, 8, 9, 10, 11, 12, 13, 14, 15, 16], "summary": {"covered_lines": 12, "num_statements": 12, "percent_covered": 100.0, "percent_covered_display": "100", "missing_lines": 0, "excluded_lines": 0, "percent_statements_covered": 100.0, "percent_statements_covered_display": "100"}, "missing_lines": [], "excluded_lines": [], "start_line": 1}}}, "app\\api\\v1\\controllers\\__init__.py": {"executed_lines": [2, 3, 4, 5, 6, 7, 8, 9, 10, 12], "summary": {"covered_lines": 10, "num_statements": 10, "percent_covered": 100.0, "percent_covered_display": "100", "missing_lines": 0, "excluded_lines": 0, "percent_statements_covered": 100.0, "percent_statements_covered_display": "100"}, "missing_lines": [], "excluded_lines": [], "functions": {"": {"executed_lines": [2, 3, 4, 5, 6, 7, 8, 9, 10, 12], "summary": {"covered_lines": 10, "num_statements": 10, "percent_covered": 100.0, "percent_covered_display": "100", "missing_lines": 0, "excluded_lines": 0, "percent_statements_covered": 100.0, "percent_statements_covered_display": "100"}, "missing_lines": [], "excluded_lines": [], "start_line": 1}}, "classes": {"": {"executed_lines": [2, 3, 4, 5, 6, 7, 8, 9, 10, 12], "summary": {"covered_lines": 10, "num_statements": 10, "percent_covered": 100.0, "percent_covered_display": "100", "missing_lines": 0, "excluded_lines": 0, "percent_statements_covered": 100.0, "percent_statements_covered_display": "100"}, "missing_lines": [], "excluded_lines": [], "start_line": 1}}}, "app\\api\\v1\\controllers\\ai_controller.py": {"executed_lines": [4, 5, 6, 7, 8, 10, 11, 12, 13, 14, 15, 16, 18, 21, 22, 23, 24, 27, 35, 38, 39, 42, 43, 48, 49, 50, 55, 56, 57, 58, 61, 62, 64, 65, 66, 69, 70, 81, 82, 84, 85, 86, 87, 88, 89, 90, 91, 92, 100, 101, 104, 105, 114, 115, 116, 117, 128, 129, 130, 137, 138, 140, 157, 158, 167, 170, 172, 178, 184, 185, 190], "summary": {"covered_lines": 71, "num_statements": 78, "percent_covered": 91.02564102564102, "percent_covered_display": "91", "missing_lines": 7, "excluded_lines": 0, "percent_statements_covered": 91.02564102564102, "percent_statements_covered_display": "91"}, "missing_lines": [44, 45, 51, 52, 67, 131, 132], "excluded_lines": [], "functions": {"_build_rich_project_context": {"executed_lines": [35, 38, 39, 42, 43, 48, 49, 50, 55, 56, 57, 58, 61, 62, 64, 65, 66, 69, 70, 81, 82, 84, 85, 86, 87, 88, 89, 90, 91, 92, 100, 101, 104, 105, 114, 115, 116, 117, 128, 129, 130, 137, 138, 140], "summary": {"covered_lines": 44, "num_statements": 51, "percent_covered": 86.27450980392157, "percent_covered_display": "86", "missing_lines": 7, "excluded_lines": 0, "percent_statements_covered": 86.27450980392157, "percent_statements_covered_display": "86"}, "missing_lines": [44, 45, 51, 52, 67, 131, 132], "excluded_lines": [], "start_line": 27}, "chat_with_ai": {"executed_lines": [167, 170, 172, 178], "summary": {"covered_lines": 4, "num_statements": 4, "percent_covered": 100.0, "percent_covered_display": "100", "missing_lines": 0, "excluded_lines": 0, "percent_statements_covered": 100.0, "percent_statements_covered_display": "100"}, "missing_lines": [], "excluded_lines": [], "start_line": 158}, "get_suggested_prompts": {"executed_lines": [190], "summary": {"covered_lines": 1, "num_statements": 1, "percent_covered": 100.0, "percent_covered_display": "100", "missing_lines": 0, "excluded_lines": 0, "percent_statements_covered": 100.0, "percent_statements_covered_display": "100"}, "missing_lines": [], "excluded_lines": [], "start_line": 185}, "": {"executed_lines": [4, 5, 6, 7, 8, 10, 11, 12, 13, 14, 15, 16, 18, 21, 22, 23, 24, 27, 157, 158, 184, 185], "summary": {"covered_lines": 22, "num_statements": 22, "percent_covered": 100.0, "percent_covered_display": "100", "missing_lines": 0, "excluded_lines": 0, "percent_statements_covered": 100.0, "percent_statements_covered_display": "100"}, "missing_lines": [], "excluded_lines": [], "start_line": 1}}, "classes": {"ChatMessageRequest": {"executed_lines": [], "summary": {"covered_lines": 0, "num_statements": 0, "percent_covered": 100.0, "percent_covered_display": "100", "missing_lines": 0, "excluded_lines": 0, "percent_statements_covered": 100.0, "percent_statements_covered_display": "100"}, "missing_lines": [], "excluded_lines": [], "start_line": 21}, "": {"executed_lines": [4, 5, 6, 7, 8, 10, 11, 12, 13, 14, 15, 16, 18, 21, 22, 23, 24, 27, 35, 38, 39, 42, 43, 48, 49, 50, 55, 56, 57, 58, 61, 62, 64, 65, 66, 69, 70, 81, 82, 84, 85, 86, 87, 88, 89, 90, 91, 92, 100, 101, 104, 105, 114, 115, 116, 117, 128, 129, 130, 137, 138, 140, 157, 158, 167, 170, 172, 178, 184, 185, 190], "summary": {"covered_lines": 71, "num_statements": 78, "percent_covered": 91.02564102564102, "percent_covered_display": "91", "missing_lines": 7, "excluded_lines": 0, "percent_statements_covered": 91.02564102564102, "percent_statements_covered_display": "91"}, "missing_lines": [44, 45, 51, 52, 67, 131, 132], "excluded_lines": [], "start_line": 1}}}, "app\\api\\v1\\controllers\\alerts_controller.py": {"executed_lines": [4, 5, 6, 7, 8, 16, 18, 19, 20, 28, 29, 30, 31, 32, 33, 34, 36, 37, 45, 46, 47, 48, 49, 50, 52, 53, 61, 62, 63, 64, 65, 66, 68, 69, 77, 78, 79, 80, 81, 82, 84, 85, 95, 96, 97, 98, 99, 100], "summary": {"covered_lines": 48, "num_statements": 48, "percent_covered": 100.0, "percent_covered_display": "100", "missing_lines": 0, "excluded_lines": 0, "percent_statements_covered": 100.0, "percent_statements_covered_display": "100"}, "missing_lines": [], "excluded_lines": [], "functions": {"list_system_alerts": {"executed_lines": [28, 29, 30, 31, 32, 33, 34], "summary": {"covered_lines": 7, "num_statements": 7, "percent_covered": 100.0, "percent_covered_display": "100", "missing_lines": 0, "excluded_lines": 0, "percent_statements_covered": 100.0, "percent_statements_covered_display": "100"}, "missing_lines": [], "excluded_lines": [], "start_line": 20}, "mark_alert_acknowledged": {"executed_lines": [45, 46, 47, 48, 49, 50], "summary": {"covered_lines": 6, "num_statements": 6, "percent_covered": 100.0, "percent_covered_display": "100", "missing_lines": 0, "excluded_lines": 0, "percent_statements_covered": 100.0, "percent_statements_covered_display": "100"}, "missing_lines": [], "excluded_lines": [], "start_line": 37}, "list_help_requests": {"executed_lines": [61, 62, 63, 64, 65, 66], "summary": {"covered_lines": 6, "num_statements": 6, "percent_covered": 100.0, "percent_covered_display": "100", "missing_lines": 0, "excluded_lines": 0, "percent_statements_covered": 100.0, "percent_statements_covered_display": "100"}, "missing_lines": [], "excluded_lines": [], "start_line": 53}, "submit_help_request": {"executed_lines": [77, 78, 79, 80, 81, 82], "summary": {"covered_lines": 6, "num_statements": 6, "percent_covered": 100.0, "percent_covered_display": "100", "missing_lines": 0, "excluded_lines": 0, "percent_statements_covered": 100.0, "percent_statements_covered_display": "100"}, "missing_lines": [], "excluded_lines": [], "start_line": 69}, "update_help_status": {"executed_lines": [95, 96, 97, 98, 99, 100], "summary": {"covered_lines": 6, "num_statements": 6, "percent_covered": 100.0, "percent_covered_display": "100", "missing_lines": 0, "excluded_lines": 0, "percent_statements_covered": 100.0, "percent_statements_covered_display": "100"}, "missing_lines": [], "excluded_lines": [], "start_line": 85}, "": {"executed_lines": [4, 5, 6, 7, 8, 16, 18, 19, 20, 36, 37, 52, 53, 68, 69, 84, 85], "summary": {"covered_lines": 17, "num_statements": 17, "percent_covered": 100.0, "percent_covered_display": "100", "missing_lines": 0, "excluded_lines": 0, "percent_statements_covered": 100.0, "percent_statements_covered_display": "100"}, "missing_lines": [], "excluded_lines": [], "start_line": 1}}, "classes": {"": {"executed_lines": [4, 5, 6, 7, 8, 16, 18, 19, 20, 28, 29, 30, 31, 32, 33, 34, 36, 37, 45, 46, 47, 48, 49, 50, 52, 53, 61, 62, 63, 64, 65, 66, 68, 69, 77, 78, 79, 80, 81, 82, 84, 85, 95, 96, 97, 98, 99, 100], "summary": {"covered_lines": 48, "num_statements": 48, "percent_covered": 100.0, "percent_covered_display": "100", "missing_lines": 0, "excluded_lines": 0, "percent_statements_covered": 100.0, "percent_statements_covered_display": "100"}, "missing_lines": [], "excluded_lines": [], "start_line": 1}}}, "app\\api\\v1\\controllers\\auth_controller.py": {"executed_lines": [4, 5, 6, 7, 9, 10, 11, 12, 13, 14, 15, 18, 20, 26, 29, 31, 45, 51, 54, 61, 66, 71, 78, 81, 83, 90, 95, 97, 98, 99, 101, 106, 107, 108, 110, 111, 118, 119, 127, 128, 144, 149, 150, 151, 152, 154, 159, 160, 161, 166, 168, 169, 170, 171, 172, 173, 175, 177, 179, 181, 182, 191, 193, 194, 196, 197, 198, 199, 201, 205, 210, 212, 213, 214, 216, 222, 223, 224, 226, 228, 237, 238, 254, 258, 262, 267, 271, 273, 280, 282, 284, 285, 286, 290, 291, 292, 293], "summary": {"covered_lines": 97, "num_statements": 101, "percent_covered": 96.03960396039604, "percent_covered_display": "96", "missing_lines": 4, "excluded_lines": 0, "percent_statements_covered": 96.03960396039604, "percent_statements_covered_display": "96"}, "missing_lines": [176, 259, 260, 274], "excluded_lines": [], "functions": {"get_current_user_info": {"executed_lines": [29, 31], "summary": {"covered_lines": 2, "num_statements": 2, "percent_covered": 100.0, "percent_covered_display": "100", "missing_lines": 0, "excluded_lines": 0, "percent_statements_covered": 100.0, "percent_statements_covered_display": "100"}, "missing_lines": [], "excluded_lines": [], "start_line": 26}, "get_jira_credentials": {"executed_lines": [54], "summary": {"covered_lines": 1, "num_statements": 1, "percent_covered": 100.0, "percent_covered_display": "100", "missing_lines": 0, "excluded_lines": 0, "percent_statements_covered": 100.0, "percent_statements_covered_display": "100"}, "missing_lines": [], "excluded_lines": [], "start_line": 51}, "save_jira_credentials": {"executed_lines": [71, 78, 81, 83, 90], "summary": {"covered_lines": 5, "num_statements": 5, "percent_covered": 100.0, "percent_covered_display": "100", "missing_lines": 0, "excluded_lines": 0, "percent_statements_covered": 100.0, "percent_statements_covered_display": "100"}, "missing_lines": [], "excluded_lines": [], "start_line": 66}, "login_post": {"executed_lines": [107, 108, 110, 111, 118, 119, 127, 128], "summary": {"covered_lines": 8, "num_statements": 8, "percent_covered": 100.0, "percent_covered_display": "100", "missing_lines": 0, "excluded_lines": 0, "percent_statements_covered": 100.0, "percent_statements_covered_display": "100"}, "missing_lines": [], "excluded_lines": [], "start_line": 106}, "login": {"executed_lines": [150, 151, 152], "summary": {"covered_lines": 3, "num_statements": 3, "percent_covered": 100.0, "percent_covered_display": "100", "missing_lines": 0, "excluded_lines": 0, "percent_statements_covered": 100.0, "percent_statements_covered_display": "100"}, "missing_lines": [], "excluded_lines": [], "start_line": 149}, "callback": {"executed_lines": [160, 161, 166, 168, 169, 170, 171, 172, 173, 175, 177, 179, 181, 182, 191], "summary": {"covered_lines": 15, "num_statements": 16, "percent_covered": 93.75, "percent_covered_display": "94", "missing_lines": 1, "excluded_lines": 0, "percent_statements_covered": 93.75, "percent_statements_covered_display": "94"}, "missing_lines": [176], "excluded_lines": [], "start_line": 159}, "post_login_local": {"executed_lines": [210, 212, 213, 214, 216, 222, 223, 224, 226, 228, 237, 238], "summary": {"covered_lines": 12, "num_statements": 12, "percent_covered": 100.0, "percent_covered_display": "100", "missing_lines": 0, "excluded_lines": 0, "percent_statements_covered": 100.0, "percent_statements_covered_display": "100"}, "missing_lines": [], "excluded_lines": [], "start_line": 205}, "logout_user": {"executed_lines": [], "summary": {"covered_lines": 0, "num_statements": 2, "percent_covered": 0.0, "percent_covered_display": "0", "missing_lines": 2, "excluded_lines": 0, "percent_statements_covered": 0.0, "percent_statements_covered_display": "0"}, "missing_lines": [259, 260], "excluded_lines": [], "start_line": 258}, "login_local": {"executed_lines": [271, 273, 280, 282], "summary": {"covered_lines": 4, "num_statements": 5, "percent_covered": 80.0, "percent_covered_display": "80", "missing_lines": 1, "excluded_lines": 0, "percent_statements_covered": 80.0, "percent_statements_covered_display": "80"}, "missing_lines": [274], "excluded_lines": [], "start_line": 267}, "logout": {"executed_lines": [290, 291, 292, 293], "summary": {"covered_lines": 4, "num_statements": 4, "percent_covered": 100.0, "percent_covered_display": "100", "missing_lines": 0, "excluded_lines": 0, "percent_statements_covered": 100.0, "percent_statements_covered_display": "100"}, "missing_lines": [], "excluded_lines": [], "start_line": 286}, "": {"executed_lines": [4, 5, 6, 7, 9, 10, 11, 12, 13, 14, 15, 18, 20, 26, 45, 51, 61, 66, 95, 97, 98, 99, 101, 106, 144, 149, 154, 159, 193, 194, 196, 197, 198, 199, 201, 205, 254, 258, 262, 267, 284, 285, 286], "summary": {"covered_lines": 43, "num_statements": 43, "percent_covered": 100.0, "percent_covered_display": "100", "missing_lines": 0, "excluded_lines": 0, "percent_statements_covered": 100.0, "percent_statements_covered_display": "100"}, "missing_lines": [], "excluded_lines": [], "start_line": 1}}, "classes": {"MockLoginPayload": {"executed_lines": [], "summary": {"covered_lines": 0, "num_statements": 0, "percent_covered": 100.0, "percent_covered_display": "100", "missing_lines": 0, "excluded_lines": 0, "percent_statements_covered": 100.0, "percent_statements_covered_display": "100"}, "missing_lines": [], "excluded_lines": [], "start_line": 97}, "LoginPayload": {"executed_lines": [], "summary": {"covered_lines": 0, "num_statements": 0, "percent_covered": 100.0, "percent_covered_display": "100", "missing_lines": 0, "excluded_lines": 0, "percent_statements_covered": 100.0, "percent_statements_covered_display": "100"}, "missing_lines": [], "excluded_lines": [], "start_line": 196}, "": {"executed_lines": [4, 5, 6, 7, 9, 10, 11, 12, 13, 14, 15, 18, 20, 26, 29, 31, 45, 51, 54, 61, 66, 71, 78, 81, 83, 90, 95, 97, 98, 99, 101, 106, 107, 108, 110, 111, 118, 119, 127, 128, 144, 149, 150, 151, 152, 154, 159, 160, 161, 166, 168, 169, 170, 171, 172, 173, 175, 177, 179, 181, 182, 191, 193, 194, 196, 197, 198, 199, 201, 205, 210, 212, 213, 214, 216, 222, 223, 224, 226, 228, 237, 238, 254, 258, 262, 267, 271, 273, 280, 282, 284, 285, 286, 290, 291, 292, 293], "summary": {"covered_lines": 97, "num_statements": 101, "percent_covered": 96.03960396039604, "percent_covered_display": "96", "missing_lines": 4, "excluded_lines": 0, "percent_statements_covered": 96.03960396039604, "percent_statements_covered_display": "96"}, "missing_lines": [176, 259, 260, 274], "excluded_lines": [], "start_line": 1}}}, "app\\api\\v1\\controllers\\developers_controller.py": {"executed_lines": [4, 5, 6, 7, 8, 9, 16, 18, 20, 21, 30, 31, 32, 33, 34, 35, 51, 52, 60, 61, 63, 64, 72, 73, 75, 76, 84, 85, 87, 88, 97, 99, 100, 108, 109, 111, 112, 120, 121, 122, 128, 129, 136, 137, 138, 141, 142, 143, 144, 145, 146, 147, 155, 157, 158, 166, 168, 170, 171, 173, 174, 183, 184, 185, 186, 187, 189, 190], "summary": {"covered_lines": 68, "num_statements": 70, "percent_covered": 97.14285714285714, "percent_covered_display": "97", "missing_lines": 2, "excluded_lines": 0, "percent_statements_covered": 97.14285714285714, "percent_statements_covered_display": "97"}, "missing_lines": [152, 153], "excluded_lines": [], "functions": {"get_team_performance_matrix": {"executed_lines": [30, 31, 32, 33, 34, 35], "summary": {"covered_lines": 6, "num_statements": 6, "percent_covered": 100.0, "percent_covered_display": "100", "missing_lines": 0, "excluded_lines": 0, "percent_statements_covered": 100.0, "percent_statements_covered_display": "100"}, "missing_lines": [], "excluded_lines": [], "start_line": 21}, "get_my_scorecard": {"executed_lines": [60, 61], "summary": {"covered_lines": 2, "num_statements": 2, "percent_covered": 100.0, "percent_covered_display": "100", "missing_lines": 0, "excluded_lines": 0, "percent_statements_covered": 100.0, "percent_statements_covered_display": "100"}, "missing_lines": [], "excluded_lines": [], "start_line": 52}, "get_my_daily_focus": {"executed_lines": [72, 73], "summary": {"covered_lines": 2, "num_statements": 2, "percent_covered": 100.0, "percent_covered_display": "100", "missing_lines": 0, "excluded_lines": 0, "percent_statements_covered": 100.0, "percent_statements_covered_display": "100"}, "missing_lines": [], "excluded_lines": [], "start_line": 64}, "get_my_alerts": {"executed_lines": [84, 85], "summary": {"covered_lines": 2, "num_statements": 2, "percent_covered": 100.0, "percent_covered_display": "100", "missing_lines": 0, "excluded_lines": 0, "percent_statements_covered": 100.0, "percent_statements_covered_display": "100"}, "missing_lines": [], "excluded_lines": [], "start_line": 76}, "execute_alert_action": {"executed_lines": [97], "summary": {"covered_lines": 1, "num_statements": 1, "percent_covered": 100.0, "percent_covered_display": "100", "missing_lines": 0, "excluded_lines": 0, "percent_statements_covered": 100.0, "percent_statements_covered_display": "100"}, "missing_lines": [], "excluded_lines": [], "start_line": 88}, "get_my_activity_history": {"executed_lines": [108, 109], "summary": {"covered_lines": 2, "num_statements": 2, "percent_covered": 100.0, "percent_covered_display": "100", "missing_lines": 0, "excluded_lines": 0, "percent_statements_covered": 100.0, "percent_statements_covered_display": "100"}, "missing_lines": [], "excluded_lines": [], "start_line": 100}, "get_my_issues": {"executed_lines": [120, 121, 122], "summary": {"covered_lines": 3, "num_statements": 3, "percent_covered": 100.0, "percent_covered_display": "100", "missing_lines": 0, "excluded_lines": 0, "percent_statements_covered": 100.0, "percent_statements_covered_display": "100"}, "missing_lines": [], "excluded_lines": [], "start_line": 112}, "list_developers": {"executed_lines": [136, 137, 138, 141, 142, 143, 144, 145, 146, 147, 155], "summary": {"covered_lines": 11, "num_statements": 13, "percent_covered": 84.61538461538461, "percent_covered_display": "85", "missing_lines": 2, "excluded_lines": 0, "percent_statements_covered": 84.61538461538461, "percent_statements_covered_display": "85"}, "missing_lines": [152, 153], "excluded_lines": [], "start_line": 129}, "get_developer_scorecard_by_id": {"executed_lines": [166], "summary": {"covered_lines": 1, "num_statements": 1, "percent_covered": 100.0, "percent_covered_display": "100", "missing_lines": 0, "excluded_lines": 0, "percent_statements_covered": 100.0, "percent_statements_covered_display": "100"}, "missing_lines": [], "excluded_lines": [], "start_line": 158}, "update_task_status": {"executed_lines": [183, 184, 185, 186, 187, 189, 190], "summary": {"covered_lines": 7, "num_statements": 7, "percent_covered": 100.0, "percent_covered_display": "100", "missing_lines": 0, "excluded_lines": 0, "percent_statements_covered": 100.0, "percent_statements_covered_display": "100"}, "missing_lines": [], "excluded_lines": [], "start_line": 174}, "": {"executed_lines": [4, 5, 6, 7, 8, 9, 16, 18, 20, 21, 51, 52, 63, 64, 75, 76, 87, 88, 99, 100, 111, 112, 128, 129, 157, 158, 168, 170, 171, 173, 174], "summary": {"covered_lines": 31, "num_statements": 31, "percent_covered": 100.0, "percent_covered_display": "100", "missing_lines": 0, "excluded_lines": 0, "percent_statements_covered": 100.0, "percent_statements_covered_display": "100"}, "missing_lines": [], "excluded_lines": [], "start_line": 1}}, "classes": {"TaskStatusUpdate": {"executed_lines": [], "summary": {"covered_lines": 0, "num_statements": 0, "percent_covered": 100.0, "percent_covered_display": "100", "missing_lines": 0, "excluded_lines": 0, "percent_statements_covered": 100.0, "percent_statements_covered_display": "100"}, "missing_lines": [], "excluded_lines": [], "start_line": 170}, "": {"executed_lines": [4, 5, 6, 7, 8, 9, 16, 18, 20, 21, 30, 31, 32, 33, 34, 35, 51, 52, 60, 61, 63, 64, 72, 73, 75, 76, 84, 85, 87, 88, 97, 99, 100, 108, 109, 111, 112, 120, 121, 122, 128, 129, 136, 137, 138, 141, 142, 143, 144, 145, 146, 147, 155, 157, 158, 166, 168, 170, 171, 173, 174, 183, 184, 185, 186, 187, 189, 190], "summary": {"covered_lines": 68, "num_statements": 70, "percent_covered": 97.14285714285714, "percent_covered_display": "97", "missing_lines": 2, "excluded_lines": 0, "percent_statements_covered": 97.14285714285714, "percent_statements_covered_display": "97"}, "missing_lines": [152, 153], "excluded_lines": [], "start_line": 1}}}, "app\\api\\v1\\controllers\\jira_controller.py": {"executed_lines": [4, 5, 6, 7, 8, 9, 10, 12, 13, 14, 15, 16, 17, 18, 21, 24, 25, 26, 27, 29, 31, 32, 33, 34, 35, 37, 38, 40, 41, 42, 43, 44, 45, 46, 47, 48, 50, 51, 53, 54, 55, 56, 58, 59, 60, 63, 64, 66, 71, 83, 84, 86, 87, 90, 91, 92, 95, 96, 97, 98, 99, 100, 103, 104, 105, 106, 108, 112, 115, 116, 117, 118, 120, 128, 129, 135, 140, 150, 151, 153, 160, 161, 163, 168, 182, 183, 185, 186, 197, 199, 204, 210, 211, 213, 214, 216, 217, 218, 219, 220, 222, 223, 224, 226, 227, 229, 230, 231, 232, 233, 234, 235, 236, 240, 241, 243, 246, 247, 248, 249, 251, 252, 254, 255, 257, 258, 259, 260, 266, 268, 283, 284, 289, 291, 294, 295, 304, 305, 306, 308, 309, 310, 311, 314, 315, 325, 326, 327, 329, 331, 332, 333, 335, 337, 338, 339, 340, 342, 343, 344, 345, 346, 348, 349, 350, 351, 353, 357, 358, 363, 364, 365, 370, 374, 375, 376, 377, 379, 380, 381, 382, 388, 390, 391, 399, 400, 402], "summary": {"covered_lines": 187, "num_statements": 213, "percent_covered": 87.79342723004694, "percent_covered_display": "88", "missing_lines": 26, "excluded_lines": 0, "percent_statements_covered": 87.79342723004694, "percent_statements_covered_display": "88"}, "missing_lines": [101, 113, 130, 131, 132, 133, 154, 188, 237, 238, 261, 262, 263, 264, 286, 354, 355, 359, 360, 366, 367, 383, 384, 386, 397, 398], "excluded_lines": [], "functions": {"get_jira_metrics": {"executed_lines": [83, 84, 86, 87, 90, 91, 92, 95, 96, 97, 103, 104, 105, 106, 108, 112, 115, 116, 117, 118, 120, 128, 129], "summary": {"covered_lines": 23, "num_statements": 28, "percent_covered": 82.14285714285714, "percent_covered_display": "82", "missing_lines": 5, "excluded_lines": 0, "percent_statements_covered": 82.14285714285714, "percent_statements_covered_display": "82"}, "missing_lines": [113, 130, 131, 132, 133], "excluded_lines": [], "start_line": 71}, "get_jira_metrics._search_jql": {"executed_lines": [98, 99, 100], "summary": {"covered_lines": 3, "num_statements": 4, "percent_covered": 75.0, "percent_covered_display": "75", "missing_lines": 1, "excluded_lines": 0, "percent_statements_covered": 75.0, "percent_statements_covered_display": "75"}, "missing_lines": [101], "excluded_lines": [], "start_line": 97}, "trigger_jira_sync": {"executed_lines": [150, 151, 153, 160, 161], "summary": {"covered_lines": 5, "num_statements": 6, "percent_covered": 83.33333333333333, "percent_covered_display": "83", "missing_lines": 1, "excluded_lines": 0, "percent_statements_covered": 83.33333333333333, "percent_statements_covered_display": "83"}, "missing_lines": [154], "excluded_lines": [], "start_line": 140}, "get_sync_logs": {"executed_lines": [182, 183, 185, 186, 197], "summary": {"covered_lines": 5, "num_statements": 6, "percent_covered": 83.33333333333333, "percent_covered_display": "83", "missing_lines": 1, "excluded_lines": 0, "percent_statements_covered": 83.33333333333333, "percent_statements_covered_display": "83"}, "missing_lines": [188], "excluded_lines": [], "start_line": 168}, "jira_webhook": {"executed_lines": [210, 211, 213, 214, 216, 217, 218, 219, 220, 222, 223, 224, 226, 227, 229, 240, 241, 243, 246, 247, 248, 249, 251, 252, 254, 255, 257, 258, 259, 260, 266, 268, 283, 284, 289, 291], "summary": {"covered_lines": 36, "num_statements": 41, "percent_covered": 87.8048780487805, "percent_covered_display": "88", "missing_lines": 5, "excluded_lines": 0, "percent_statements_covered": 87.8048780487805, "percent_statements_covered_display": "88"}, "missing_lines": [261, 262, 263, 264, 286], "excluded_lines": [], "start_line": 204}, "jira_webhook.parse_iso": {"executed_lines": [230, 231, 232, 233, 234, 235, 236], "summary": {"covered_lines": 7, "num_statements": 9, "percent_covered": 77.77777777777777, "percent_covered_display": "78", "missing_lines": 2, "excluded_lines": 0, "percent_statements_covered": 77.77777777777777, "percent_statements_covered_display": "78"}, "missing_lines": [237, 238], "excluded_lines": [], "start_line": 229}, "get_issue_transitions": {"executed_lines": [304, 305, 306, 308, 309, 310, 311], "summary": {"covered_lines": 7, "num_statements": 7, "percent_covered": 100.0, "percent_covered_display": "100", "missing_lines": 0, "excluded_lines": 0, "percent_statements_covered": 100.0, "percent_statements_covered_display": "100"}, "missing_lines": [], "excluded_lines": [], "start_line": 295}, "transition_issue": {"executed_lines": [325, 326, 327, 329, 331, 332, 333, 335, 337, 338, 339, 340, 342, 343, 344, 345, 346, 348, 349, 350, 351, 353, 357, 358, 363, 364, 365, 370, 374, 375, 376, 377, 379, 380, 381, 382, 388, 390, 391, 399, 400, 402], "summary": {"covered_lines": 42, "num_statements": 53, "percent_covered": 79.24528301886792, "percent_covered_display": "79", "missing_lines": 11, "excluded_lines": 0, "percent_statements_covered": 79.24528301886792, "percent_statements_covered_display": "79"}, "missing_lines": [354, 355, 359, 360, 366, 367, 383, 384, 386, 397, 398], "excluded_lines": [], "start_line": 315}, "": {"executed_lines": [4, 5, 6, 7, 8, 9, 10, 12, 13, 14, 15, 16, 17, 18, 21, 24, 25, 26, 27, 29, 31, 32, 33, 34, 35, 37, 38, 40, 41, 42, 43, 44, 45, 46, 47, 48, 50, 51, 53, 54, 55, 56, 58, 59, 60, 63, 64, 66, 71, 135, 140, 163, 168, 199, 204, 294, 295, 314, 315], "summary": {"covered_lines": 59, "num_statements": 59, "percent_covered": 100.0, "percent_covered_display": "100", "missing_lines": 0, "excluded_lines": 0, "percent_statements_covered": 100.0, "percent_statements_covered_display": "100"}, "missing_lines": [], "excluded_lines": [], "start_line": 1}}, "classes": {"JiraWebhookPayload": {"executed_lines": [], "summary": {"covered_lines": 0, "num_statements": 0, "percent_covered": 100.0, "percent_covered_display": "100", "missing_lines": 0, "excluded_lines": 0, "percent_statements_covered": 100.0, "percent_statements_covered_display": "100"}, "missing_lines": [], "excluded_lines": [], "start_line": 24}, "JiraMetricsResponse": {"executed_lines": [], "summary": {"covered_lines": 0, "num_statements": 0, "percent_covered": 100.0, "percent_covered_display": "100", "missing_lines": 0, "excluded_lines": 0, "percent_statements_covered": 100.0, "percent_statements_covered_display": "100"}, "missing_lines": [], "excluded_lines": [], "start_line": 31}, "SyncMessageResponse": {"executed_lines": [], "summary": {"covered_lines": 0, "num_statements": 0, "percent_covered": 100.0, "percent_covered_display": "100", "missing_lines": 0, "excluded_lines": 0, "percent_statements_covered": 100.0, "percent_statements_covered_display": "100"}, "missing_lines": [], "excluded_lines": [], "start_line": 37}, "SyncLogResponse": {"executed_lines": [], "summary": {"covered_lines": 0, "num_statements": 0, "percent_covered": 100.0, "percent_covered_display": "100", "missing_lines": 0, "excluded_lines": 0, "percent_statements_covered": 100.0, "percent_statements_covered_display": "100"}, "missing_lines": [], "excluded_lines": [], "start_line": 40}, "SyncLogResponse.Config": {"executed_lines": [], "summary": {"covered_lines": 0, "num_statements": 0, "percent_covered": 100.0, "percent_covered_display": "100", "missing_lines": 0, "excluded_lines": 0, "percent_statements_covered": 100.0, "percent_statements_covered_display": "100"}, "missing_lines": [], "excluded_lines": [], "start_line": 50}, "WebhookResponse": {"executed_lines": [], "summary": {"covered_lines": 0, "num_statements": 0, "percent_covered": 100.0, "percent_covered_display": "100", "missing_lines": 0, "excluded_lines": 0, "percent_statements_covered": 100.0, "percent_statements_covered_display": "100"}, "missing_lines": [], "excluded_lines": [], "start_line": 53}, "IssueTransitionRequest": {"executed_lines": [], "summary": {"covered_lines": 0, "num_statements": 0, "percent_covered": 100.0, "percent_covered_display": "100", "missing_lines": 0, "excluded_lines": 0, "percent_statements_covered": 100.0, "percent_statements_covered_display": "100"}, "missing_lines": [], "excluded_lines": [], "start_line": 58}, "": {"executed_lines": [4, 5, 6, 7, 8, 9, 10, 12, 13, 14, 15, 16, 17, 18, 21, 24, 25, 26, 27, 29, 31, 32, 33, 34, 35, 37, 38, 40, 41, 42, 43, 44, 45, 46, 47, 48, 50, 51, 53, 54, 55, 56, 58, 59, 60, 63, 64, 66, 71, 83, 84, 86, 87, 90, 91, 92, 95, 96, 97, 98, 99, 100, 103, 104, 105, 106, 108, 112, 115, 116, 117, 118, 120, 128, 129, 135, 140, 150, 151, 153, 160, 161, 163, 168, 182, 183, 185, 186, 197, 199, 204, 210, 211, 213, 214, 216, 217, 218, 219, 220, 222, 223, 224, 226, 227, 229, 230, 231, 232, 233, 234, 235, 236, 240, 241, 243, 246, 247, 248, 249, 251, 252, 254, 255, 257, 258, 259, 260, 266, 268, 283, 284, 289, 291, 294, 295, 304, 305, 306, 308, 309, 310, 311, 314, 315, 325, 326, 327, 329, 331, 332, 333, 335, 337, 338, 339, 340, 342, 343, 344, 345, 346, 348, 349, 350, 351, 353, 357, 358, 363, 364, 365, 370, 374, 375, 376, 377, 379, 380, 381, 382, 388, 390, 391, 399, 400, 402], "summary": {"covered_lines": 187, "num_statements": 213, "percent_covered": 87.79342723004694, "percent_covered_display": "88", "missing_lines": 26, "excluded_lines": 0, "percent_statements_covered": 87.79342723004694, "percent_statements_covered_display": "88"}, "missing_lines": [101, 113, 130, 131, 132, 133, 154, 188, 237, 238, 261, 262, 263, 264, 286, 354, 355, 359, 360, 366, 367, 383, 384, 386, 397, 398], "excluded_lines": [], "start_line": 1}}}, "app\\api\\v1\\controllers\\jql_controller.py": {"executed_lines": [4, 5, 6, 7, 8, 9, 11, 12, 13, 14, 15, 16, 17, 18, 21, 23, 24, 25, 27, 32, 38, 39, 40, 41, 42, 43, 44, 45, 46, 47, 48, 49, 50, 51, 52, 60, 61, 66, 67, 72, 73, 74, 76, 77, 81, 83, 88, 93, 94, 97, 99, 100, 101, 102, 109, 110, 111, 112, 114, 115, 117, 118, 120, 121, 123, 132, 146, 151, 178, 184, 185, 186, 192, 197, 198, 203, 209, 214, 215, 220], "summary": {"covered_lines": 80, "num_statements": 90, "percent_covered": 88.88888888888889, "percent_covered_display": "89", "missing_lines": 10, "excluded_lines": 0, "percent_statements_covered": 88.88888888888889, "percent_statements_covered_display": "89"}, "missing_lines": [33, 53, 54, 58, 138, 139, 140, 141, 152, 153], "excluded_lines": [], "functions": {"validate_jql_syntax": {"executed_lines": [32, 38, 39, 40, 41, 42, 43, 44, 45, 46, 47, 48, 49, 50, 51, 52, 60, 61, 66, 67, 72, 73, 74, 76, 77, 81], "summary": {"covered_lines": 26, "num_statements": 30, "percent_covered": 86.66666666666667, "percent_covered_display": "87", "missing_lines": 4, "excluded_lines": 0, "percent_statements_covered": 86.66666666666667, "percent_statements_covered_display": "87"}, "missing_lines": [33, 53, 54, 58], "excluded_lines": [], "start_line": 27}, "execute_custom_jql": {"executed_lines": [93, 94, 97, 99, 100, 101, 102, 109, 110, 111, 112, 114, 115, 117, 118, 120, 121, 123, 132], "summary": {"covered_lines": 19, "num_statements": 23, "percent_covered": 82.6086956521739, "percent_covered_display": "83", "missing_lines": 4, "excluded_lines": 0, "percent_statements_covered": 82.6086956521739, "percent_statements_covered_display": "83"}, "missing_lines": [138, 139, 140, 141], "excluded_lines": [], "start_line": 88}, "get_jql_presets": {"executed_lines": [], "summary": {"covered_lines": 0, "num_statements": 2, "percent_covered": 0.0, "percent_covered_display": "0", "missing_lines": 2, "excluded_lines": 0, "percent_statements_covered": 0.0, "percent_statements_covered_display": "0"}, "missing_lines": [152, 153], "excluded_lines": [], "start_line": 151}, "get_extraction_delta": {"executed_lines": [185, 186], "summary": {"covered_lines": 2, "num_statements": 2, "percent_covered": 100.0, "percent_covered_display": "100", "missing_lines": 0, "excluded_lines": 0, "percent_statements_covered": 100.0, "percent_statements_covered_display": "100"}, "missing_lines": [], "excluded_lines": [], "start_line": 184}, "get_velocity_throughput": {"executed_lines": [198, 203], "summary": {"covered_lines": 2, "num_statements": 2, "percent_covered": 100.0, "percent_covered_display": "100", "missing_lines": 0, "excluded_lines": 0, "percent_statements_covered": 100.0, "percent_statements_covered_display": "100"}, "missing_lines": [], "excluded_lines": [], "start_line": 197}, "get_time_cycles": {"executed_lines": [215, 220], "summary": {"covered_lines": 2, "num_statements": 2, "percent_covered": 100.0, "percent_covered_display": "100", "missing_lines": 0, "excluded_lines": 0, "percent_statements_covered": 100.0, "percent_statements_covered_display": "100"}, "missing_lines": [], "excluded_lines": [], "start_line": 214}, "": {"executed_lines": [4, 5, 6, 7, 8, 9, 11, 12, 13, 14, 15, 16, 17, 18, 21, 23, 24, 25, 27, 83, 88, 146, 151, 178, 184, 192, 197, 209, 214], "summary": {"covered_lines": 29, "num_statements": 29, "percent_covered": 100.0, "percent_covered_display": "100", "missing_lines": 0, "excluded_lines": 0, "percent_statements_covered": 100.0, "percent_statements_covered_display": "100"}, "missing_lines": [], "excluded_lines": [], "start_line": 1}}, "classes": {"JQLExecutionPayload": {"executed_lines": [], "summary": {"covered_lines": 0, "num_statements": 0, "percent_covered": 100.0, "percent_covered_display": "100", "missing_lines": 0, "excluded_lines": 0, "percent_statements_covered": 100.0, "percent_statements_covered_display": "100"}, "missing_lines": [], "excluded_lines": [], "start_line": 23}, "": {"executed_lines": [4, 5, 6, 7, 8, 9, 11, 12, 13, 14, 15, 16, 17, 18, 21, 23, 24, 25, 27, 32, 38, 39, 40, 41, 42, 43, 44, 45, 46, 47, 48, 49, 50, 51, 52, 60, 61, 66, 67, 72, 73, 74, 76, 77, 81, 83, 88, 93, 94, 97, 99, 100, 101, 102, 109, 110, 111, 112, 114, 115, 117, 118, 120, 121, 123, 132, 146, 151, 178, 184, 185, 186, 192, 197, 198, 203, 209, 214, 215, 220], "summary": {"covered_lines": 80, "num_statements": 90, "percent_covered": 88.88888888888889, "percent_covered_display": "89", "missing_lines": 10, "excluded_lines": 0, "percent_statements_covered": 88.88888888888889, "percent_statements_covered_display": "89"}, "missing_lines": [33, 53, 54, 58, 138, 139, 140, 141, 152, 153], "excluded_lines": [], "start_line": 1}}}, "app\\api\\v1\\controllers\\projects_controller.py": {"executed_lines": [4, 5, 6, 7, 9, 10, 11, 12, 13, 14, 15, 16, 18, 21, 23, 24, 25, 34, 35, 36, 37, 38, 39, 40, 43, 44, 45, 57, 58, 60, 61, 62, 64, 65, 66, 68, 69, 71, 72, 73, 82, 83, 85, 86, 87, 88, 90, 91, 92, 93, 94, 95, 96, 98, 105, 106, 107, 108, 110, 111, 127, 128, 130, 131, 132, 134, 135, 136, 137, 141, 142, 143, 144, 148, 149, 152, 153, 155, 157, 158, 160, 161, 179, 180, 182, 184, 185, 187, 188, 189, 190, 191, 192, 194, 195, 196, 199, 200, 201, 202, 204, 205, 206, 207, 211, 212, 213, 214, 218, 219, 221, 222, 224, 225, 226, 227, 228, 229, 231, 232, 233, 234, 235, 239, 243, 245, 247, 266, 272, 273, 286, 287, 289, 297, 299, 300, 310, 311, 313, 314, 315, 317, 318, 319, 320, 321, 322, 323, 325, 327, 328, 337, 338, 340, 341, 343, 344, 354, 355, 358, 361, 362, 369, 371, 373, 374, 386, 387, 390, 391, 392, 394, 395, 412, 415, 416, 417, 418, 421, 424, 427, 428, 429, 430, 431, 432, 433, 434, 435, 436, 437, 438, 439, 441, 443, 444, 445, 454, 455, 456], "summary": {"covered_lines": 200, "num_statements": 216, "percent_covered": 92.5925925925926, "percent_covered_display": "93", "missing_lines": 16, "excluded_lines": 0, "percent_statements_covered": 92.5925925925926, "percent_statements_covered_display": "93"}, "missing_lines": [138, 139, 145, 146, 150, 208, 209, 215, 216, 236, 237, 238, 240, 241, 457, 458], "excluded_lines": [], "functions": {"get_sprint_health_metrics": {"executed_lines": [34, 35, 36, 37, 38, 39, 40], "summary": {"covered_lines": 7, "num_statements": 7, "percent_covered": 100.0, "percent_covered_display": "100", "missing_lines": 0, "excluded_lines": 0, "percent_statements_covered": 100.0, "percent_statements_covered_display": "100"}, "missing_lines": [], "excluded_lines": [], "start_line": 25}, "get_projects": {"executed_lines": [57, 58, 60, 61, 62, 64, 65, 66, 68, 69], "summary": {"covered_lines": 10, "num_statements": 10, "percent_covered": 100.0, "percent_covered_display": "100", "missing_lines": 0, "excluded_lines": 0, "percent_statements_covered": 100.0, "percent_statements_covered_display": "100"}, "missing_lines": [], "excluded_lines": [], "start_line": 45}, "create_project": {"executed_lines": [82, 83, 85, 86, 87, 88, 90, 91, 92, 93, 94, 95, 96, 98, 105, 106, 107, 108], "summary": {"covered_lines": 18, "num_statements": 18, "percent_covered": 100.0, "percent_covered_display": "100", "missing_lines": 0, "excluded_lines": 0, "percent_statements_covered": 100.0, "percent_statements_covered_display": "100"}, "missing_lines": [], "excluded_lines": [], "start_line": 73}, "get_project_kpis": {"executed_lines": [127, 128, 130, 131, 132, 134, 135, 136, 137, 141, 142, 143, 144, 148, 149, 152, 153, 155, 157, 158], "summary": {"covered_lines": 20, "num_statements": 25, "percent_covered": 80.0, "percent_covered_display": "80", "missing_lines": 5, "excluded_lines": 0, "percent_statements_covered": 80.0, "percent_statements_covered_display": "80"}, "missing_lines": [138, 139, 145, 146, 150], "excluded_lines": [], "start_line": 111}, "get_project_kpis_issues_detail": {"executed_lines": [179, 180, 182, 184, 185, 187, 188, 189, 190, 191, 192, 194, 195, 196, 199, 200, 201, 202, 204, 205, 206, 207, 211, 212, 213, 214, 218, 219, 221, 222, 224, 225, 226, 227, 228, 229, 231, 232, 233, 234, 235, 239, 243, 245, 247, 266], "summary": {"covered_lines": 46, "num_statements": 55, "percent_covered": 83.63636363636364, "percent_covered_display": "84", "missing_lines": 9, "excluded_lines": 0, "percent_statements_covered": 83.63636363636364, "percent_statements_covered_display": "84"}, "missing_lines": [208, 209, 215, 216, 236, 237, 238, 240, 241], "excluded_lines": [], "start_line": 161}, "get_project_sprints": {"executed_lines": [286, 287, 289, 297], "summary": {"covered_lines": 4, "num_statements": 4, "percent_covered": 100.0, "percent_covered_display": "100", "missing_lines": 0, "excluded_lines": 0, "percent_statements_covered": 100.0, "percent_statements_covered_display": "100"}, "missing_lines": [], "excluded_lines": [], "start_line": 273}, "get_project_unique_statuses": {"executed_lines": [310, 311, 313, 314, 315, 317, 318, 319, 320, 321, 322, 323, 325], "summary": {"covered_lines": 13, "num_statements": 13, "percent_covered": 100.0, "percent_covered_display": "100", "missing_lines": 0, "excluded_lines": 0, "percent_statements_covered": 100.0, "percent_statements_covered_display": "100"}, "missing_lines": [], "excluded_lines": [], "start_line": 300}, "get_project_mappings": {"executed_lines": [337, 338, 340, 341], "summary": {"covered_lines": 4, "num_statements": 4, "percent_covered": 100.0, "percent_covered_display": "100", "missing_lines": 0, "excluded_lines": 0, "percent_statements_covered": 100.0, "percent_statements_covered_display": "100"}, "missing_lines": [], "excluded_lines": [], "start_line": 328}, "save_project_mappings": {"executed_lines": [354, 355, 358, 361, 362, 369, 371], "summary": {"covered_lines": 7, "num_statements": 7, "percent_covered": 100.0, "percent_covered_display": "100", "missing_lines": 0, "excluded_lines": 0, "percent_statements_covered": 100.0, "percent_statements_covered_display": "100"}, "missing_lines": [], "excluded_lines": [], "start_line": 344}, "get_project_percentiles": {"executed_lines": [386, 387, 390, 391, 392, 394, 395, 412, 415, 416, 417, 418, 421, 424, 427, 428, 429, 430, 431, 432, 433, 434, 435, 436, 437, 438, 439, 441], "summary": {"covered_lines": 28, "num_statements": 28, "percent_covered": 100.0, "percent_covered_display": "100", "missing_lines": 0, "excluded_lines": 0, "percent_statements_covered": 100.0, "percent_statements_covered_display": "100"}, "missing_lines": [], "excluded_lines": [], "start_line": 374}, "get_burndown_chart": {"executed_lines": [454, 455, 456], "summary": {"covered_lines": 3, "num_statements": 5, "percent_covered": 60.0, "percent_covered_display": "60", "missing_lines": 2, "excluded_lines": 0, "percent_statements_covered": 60.0, "percent_statements_covered_display": "60"}, "missing_lines": [457, 458], "excluded_lines": [], "start_line": 445}, "": {"executed_lines": [4, 5, 6, 7, 9, 10, 11, 12, 13, 14, 15, 16, 18, 21, 23, 24, 25, 43, 44, 45, 71, 72, 73, 110, 111, 160, 161, 272, 273, 299, 300, 327, 328, 343, 344, 373, 374, 443, 444, 445], "summary": {"covered_lines": 40, "num_statements": 40, "percent_covered": 100.0, "percent_covered_display": "100", "missing_lines": 0, "excluded_lines": 0, "percent_statements_covered": 100.0, "percent_statements_covered_display": "100"}, "missing_lines": [], "excluded_lines": [], "start_line": 1}}, "classes": {"": {"executed_lines": [4, 5, 6, 7, 9, 10, 11, 12, 13, 14, 15, 16, 18, 21, 23, 24, 25, 34, 35, 36, 37, 38, 39, 40, 43, 44, 45, 57, 58, 60, 61, 62, 64, 65, 66, 68, 69, 71, 72, 73, 82, 83, 85, 86, 87, 88, 90, 91, 92, 93, 94, 95, 96, 98, 105, 106, 107, 108, 110, 111, 127, 128, 130, 131, 132, 134, 135, 136, 137, 141, 142, 143, 144, 148, 149, 152, 153, 155, 157, 158, 160, 161, 179, 180, 182, 184, 185, 187, 188, 189, 190, 191, 192, 194, 195, 196, 199, 200, 201, 202, 204, 205, 206, 207, 211, 212, 213, 214, 218, 219, 221, 222, 224, 225, 226, 227, 228, 229, 231, 232, 233, 234, 235, 239, 243, 245, 247, 266, 272, 273, 286, 287, 289, 297, 299, 300, 310, 311, 313, 314, 315, 317, 318, 319, 320, 321, 322, 323, 325, 327, 328, 337, 338, 340, 341, 343, 344, 354, 355, 358, 361, 362, 369, 371, 373, 374, 386, 387, 390, 391, 392, 394, 395, 412, 415, 416, 417, 418, 421, 424, 427, 428, 429, 430, 431, 432, 433, 434, 435, 436, 437, 438, 439, 441, 443, 444, 445, 454, 455, 456], "summary": {"covered_lines": 200, "num_statements": 216, "percent_covered": 92.5925925925926, "percent_covered_display": "93", "missing_lines": 16, "excluded_lines": 0, "percent_statements_covered": 92.5925925925926, "percent_statements_covered_display": "93"}, "missing_lines": [138, 139, 145, 146, 150, 208, 209, 215, 216, 236, 237, 238, 240, 241, 457, 458], "excluded_lines": [], "start_line": 1}}}, "app\\api\\v1\\controllers\\reports_controller.py": {"executed_lines": [4, 5, 7, 8, 9, 10, 11, 13, 15, 20, 29, 30, 31, 32, 33, 34, 36, 37, 39, 40, 44, 49, 50, 55, 56, 57, 58, 60, 65, 71, 72, 73, 74, 77, 78, 80, 81, 83, 85, 91, 92, 98, 100, 101, 104, 106], "summary": {"covered_lines": 46, "num_statements": 52, "percent_covered": 88.46153846153847, "percent_covered_display": "88", "missing_lines": 6, "excluded_lines": 0, "percent_statements_covered": 88.46153846153847, "percent_statements_covered_display": "88"}, "missing_lines": [93, 94, 95, 96, 113, 114], "excluded_lines": [], "functions": {"download_pdf_report": {"executed_lines": [29, 30, 31, 32, 33, 34, 36, 37, 39, 40, 44, 49, 50], "summary": {"covered_lines": 13, "num_statements": 13, "percent_covered": 100.0, "percent_covered_display": "100", "missing_lines": 0, "excluded_lines": 0, "percent_statements_covered": 100.0, "percent_statements_covered_display": "100"}, "missing_lines": [], "excluded_lines": [], "start_line": 20}, "get_historical_report": {"executed_lines": [71, 72, 73, 74, 77, 78, 80, 81, 83, 85, 91, 92, 98, 100, 101, 104, 106], "summary": {"covered_lines": 17, "num_statements": 23, "percent_covered": 73.91304347826087, "percent_covered_display": "74", "missing_lines": 6, "excluded_lines": 0, "percent_statements_covered": 73.91304347826087, "percent_statements_covered_display": "74"}, "missing_lines": [93, 94, 95, 96, 113, 114], "excluded_lines": [], "start_line": 65}, "": {"executed_lines": [4, 5, 7, 8, 9, 10, 11, 13, 15, 20, 55, 56, 57, 58, 60, 65], "summary": {"covered_lines": 16, "num_statements": 16, "percent_covered": 100.0, "percent_covered_display": "100", "missing_lines": 0, "excluded_lines": 0, "percent_statements_covered": 100.0, "percent_statements_covered_display": "100"}, "missing_lines": [], "excluded_lines": [], "start_line": 1}}, "classes": {"": {"executed_lines": [4, 5, 7, 8, 9, 10, 11, 13, 15, 20, 29, 30, 31, 32, 33, 34, 36, 37, 39, 40, 44, 49, 50, 55, 56, 57, 58, 60, 65, 71, 72, 73, 74, 77, 78, 80, 81, 83, 85, 91, 92, 98, 100, 101, 104, 106], "summary": {"covered_lines": 46, "num_statements": 52, "percent_covered": 88.46153846153847, "percent_covered_display": "88", "missing_lines": 6, "excluded_lines": 0, "percent_statements_covered": 88.46153846153847, "percent_statements_covered_display": "88"}, "missing_lines": [93, 94, 95, 96, 113, 114], "excluded_lines": [], "start_line": 1}}}, "app\\api\\v1\\controllers\\users_controller.py": {"executed_lines": [1, 5, 6, 7, 8, 10, 11, 12, 13, 14, 15, 17, 20, 21, 23, 24, 25, 26, 28, 29, 31, 32, 33, 34, 36, 37, 39, 40, 41, 42, 43, 44, 45, 46, 48, 49, 51, 53, 54, 55, 60, 66, 67, 71, 72, 73, 74, 75, 76, 77, 86, 88, 94, 98, 99, 101, 106, 112, 115, 116, 121, 122, 123, 125, 126, 127, 129, 130, 137, 142, 148, 150, 151, 154, 155, 158, 159, 160, 162, 163, 167, 170, 171, 172, 174, 182, 187, 192, 194, 195, 198, 199, 201, 206, 212, 214, 215, 219, 222, 223, 225, 226, 227, 229, 230, 232, 233, 241, 242, 243, 244, 245, 246, 247, 248, 250, 251, 253, 259, 264, 267, 268, 272, 273], "summary": {"covered_lines": 124, "num_statements": 133, "percent_covered": 93.23308270676692, "percent_covered_display": "93", "missing_lines": 9, "excluded_lines": 0, "percent_statements_covered": 93.23308270676692, "percent_statements_covered_display": "93"}, "missing_lines": [152, 156, 161, 164, 165, 168, 196, 216, 269], "excluded_lines": [], "functions": {"_verify_admin": {"executed_lines": [53, 54, 55], "summary": {"covered_lines": 3, "num_statements": 3, "percent_covered": 100.0, "percent_covered_display": "100", "missing_lines": 0, "excluded_lines": 0, "percent_statements_covered": 100.0, "percent_statements_covered_display": "100"}, "missing_lines": [], "excluded_lines": [], "start_line": 51}, "list_users": {"executed_lines": [71, 72, 73, 74, 75, 76, 77, 86], "summary": {"covered_lines": 8, "num_statements": 8, "percent_covered": 100.0, "percent_covered_display": "100", "missing_lines": 0, "excluded_lines": 0, "percent_statements_covered": 100.0, "percent_statements_covered_display": "100"}, "missing_lines": [], "excluded_lines": [], "start_line": 67}, "list_roles": {"executed_lines": [98, 99], "summary": {"covered_lines": 2, "num_statements": 2, "percent_covered": 100.0, "percent_covered_display": "100", "missing_lines": 0, "excluded_lines": 0, "percent_statements_covered": 100.0, "percent_statements_covered_display": "100"}, "missing_lines": [], "excluded_lines": [], "start_line": 94}, "update_user_status": {"executed_lines": [112, 115, 116, 121, 122, 123, 125, 126, 127, 129, 130], "summary": {"covered_lines": 11, "num_statements": 11, "percent_covered": 100.0, "percent_covered_display": "100", "missing_lines": 0, "excluded_lines": 0, "percent_statements_covered": 100.0, "percent_statements_covered_display": "100"}, "missing_lines": [], "excluded_lines": [], "start_line": 106}, "update_user_role": {"executed_lines": [148, 150, 151, 154, 155, 158, 159, 160, 162, 163, 167, 170, 171, 172, 174], "summary": {"covered_lines": 15, "num_statements": 21, "percent_covered": 71.42857142857143, "percent_covered_display": "71", "missing_lines": 6, "excluded_lines": 0, "percent_statements_covered": 71.42857142857143, "percent_statements_covered_display": "71"}, "missing_lines": [152, 156, 161, 164, 165, 168], "excluded_lines": [], "start_line": 142}, "get_user_projects": {"executed_lines": [192, 194, 195, 198, 199], "summary": {"covered_lines": 5, "num_statements": 6, "percent_covered": 83.33333333333333, "percent_covered_display": "83", "missing_lines": 1, "excluded_lines": 0, "percent_statements_covered": 83.33333333333333, "percent_statements_covered_display": "83"}, "missing_lines": [196], "excluded_lines": [], "start_line": 187}, "assign_user_projects": {"executed_lines": [212, 214, 215, 219, 222, 223, 225, 226, 227, 229, 230, 232, 233], "summary": {"covered_lines": 13, "num_statements": 14, "percent_covered": 92.85714285714286, "percent_covered_display": "93", "missing_lines": 1, "excluded_lines": 0, "percent_statements_covered": 92.85714285714286, "percent_statements_covered_display": "93"}, "missing_lines": [216], "excluded_lines": [], "start_line": 206}, "get_user_logs": {"executed_lines": [264, 267, 268, 272, 273], "summary": {"covered_lines": 5, "num_statements": 6, "percent_covered": 83.33333333333333, "percent_covered_display": "83", "missing_lines": 1, "excluded_lines": 0, "percent_statements_covered": 83.33333333333333, "percent_statements_covered_display": "83"}, "missing_lines": [269], "excluded_lines": [], "start_line": 259}, "": {"executed_lines": [1, 5, 6, 7, 8, 10, 11, 12, 13, 14, 15, 17, 20, 21, 23, 24, 25, 26, 28, 29, 31, 32, 33, 34, 36, 37, 39, 40, 41, 42, 43, 44, 45, 46, 48, 49, 51, 60, 66, 67, 88, 94, 101, 106, 137, 142, 182, 187, 201, 206, 241, 242, 243, 244, 245, 246, 247, 248, 250, 251, 253, 259], "summary": {"covered_lines": 62, "num_statements": 62, "percent_covered": 100.0, "percent_covered_display": "100", "missing_lines": 0, "excluded_lines": 0, "percent_statements_covered": 100.0, "percent_statements_covered_display": "100"}, "missing_lines": [], "excluded_lines": [], "start_line": 1}}, "classes": {"UserStatusPayload": {"executed_lines": [], "summary": {"covered_lines": 0, "num_statements": 0, "percent_covered": 100.0, "percent_covered_display": "100", "missing_lines": 0, "excluded_lines": 0, "percent_statements_covered": 100.0, "percent_statements_covered_display": "100"}, "missing_lines": [], "excluded_lines": [], "start_line": 20}, "UserRolePayload": {"executed_lines": [], "summary": {"covered_lines": 0, "num_statements": 0, "percent_covered": 100.0, "percent_covered_display": "100", "missing_lines": 0, "excluded_lines": 0, "percent_statements_covered": 100.0, "percent_statements_covered_display": "100"}, "missing_lines": [], "excluded_lines": [], "start_line": 23}, "UserProjectsPayload": {"executed_lines": [], "summary": {"covered_lines": 0, "num_statements": 0, "percent_covered": 100.0, "percent_covered_display": "100", "missing_lines": 0, "excluded_lines": 0, "percent_statements_covered": 100.0, "percent_statements_covered_display": "100"}, "missing_lines": [], "excluded_lines": [], "start_line": 28}, "RoleResponse": {"executed_lines": [], "summary": {"covered_lines": 0, "num_statements": 0, "percent_covered": 100.0, "percent_covered_display": "100", "missing_lines": 0, "excluded_lines": 0, "percent_statements_covered": 100.0, "percent_statements_covered_display": "100"}, "missing_lines": [], "excluded_lines": [], "start_line": 31}, "RoleResponse.Config": {"executed_lines": [], "summary": {"covered_lines": 0, "num_statements": 0, "percent_covered": 100.0, "percent_covered_display": "100", "missing_lines": 0, "excluded_lines": 0, "percent_statements_covered": 100.0, "percent_statements_covered_display": "100"}, "missing_lines": [], "excluded_lines": [], "start_line": 36}, "UserDetailResponse": {"executed_lines": [], "summary": {"covered_lines": 0, "num_statements": 0, "percent_covered": 100.0, "percent_covered_display": "100", "missing_lines": 0, "excluded_lines": 0, "percent_statements_covered": 100.0, "percent_statements_covered_display": "100"}, "missing_lines": [], "excluded_lines": [], "start_line": 39}, "UserDetailResponse.Config": {"executed_lines": [], "summary": {"covered_lines": 0, "num_statements": 0, "percent_covered": 100.0, "percent_covered_display": "100", "missing_lines": 0, "excluded_lines": 0, "percent_statements_covered": 100.0, "percent_statements_covered_display": "100"}, "missing_lines": [], "excluded_lines": [], "start_line": 48}, "AuditLogResponse": {"executed_lines": [], "summary": {"covered_lines": 0, "num_statements": 0, "percent_covered": 100.0, "percent_covered_display": "100", "missing_lines": 0, "excluded_lines": 0, "percent_statements_covered": 100.0, "percent_statements_covered_display": "100"}, "missing_lines": [], "excluded_lines": [], "start_line": 241}, "AuditLogResponse.Config": {"executed_lines": [], "summary": {"covered_lines": 0, "num_statements": 0, "percent_covered": 100.0, "percent_covered_display": "100", "missing_lines": 0, "excluded_lines": 0, "percent_statements_covered": 100.0, "percent_statements_covered_display": "100"}, "missing_lines": [], "excluded_lines": [], "start_line": 250}, "": {"executed_lines": [1, 5, 6, 7, 8, 10, 11, 12, 13, 14, 15, 17, 20, 21, 23, 24, 25, 26, 28, 29, 31, 32, 33, 34, 36, 37, 39, 40, 41, 42, 43, 44, 45, 46, 48, 49, 51, 53, 54, 55, 60, 66, 67, 71, 72, 73, 74, 75, 76, 77, 86, 88, 94, 98, 99, 101, 106, 112, 115, 116, 121, 122, 123, 125, 126, 127, 129, 130, 137, 142, 148, 150, 151, 154, 155, 158, 159, 160, 162, 163, 167, 170, 171, 172, 174, 182, 187, 192, 194, 195, 198, 199, 201, 206, 212, 214, 215, 219, 222, 223, 225, 226, 227, 229, 230, 232, 233, 241, 242, 243, 244, 245, 246, 247, 248, 250, 251, 253, 259, 264, 267, 268, 272, 273], "summary": {"covered_lines": 124, "num_statements": 133, "percent_covered": 93.23308270676692, "percent_covered_display": "93", "missing_lines": 9, "excluded_lines": 0, "percent_statements_covered": 93.23308270676692, "percent_statements_covered_display": "93"}, "missing_lines": [152, 156, 161, 164, 165, 168, 196, 216, 269], "excluded_lines": [], "start_line": 1}}}, "app\\api\\v1\\deps.py": {"executed_lines": [1, 2, 3, 4, 5, 6, 8, 10, 15, 18, 20, 21, 22, 23, 26, 27, 29, 30, 32, 33, 34, 38, 39, 40, 41, 42, 44, 46, 47, 49, 50], "summary": {"covered_lines": 31, "num_statements": 34, "percent_covered": 91.17647058823529, "percent_covered_display": "91", "missing_lines": 3, "excluded_lines": 0, "percent_statements_covered": 91.17647058823529, "percent_statements_covered_display": "91"}, "missing_lines": [19, 36, 48], "excluded_lines": [], "functions": {"get_current_user_id": {"executed_lines": [15, 18, 20, 21, 22, 23, 26, 27, 29, 30, 32, 33, 34], "summary": {"covered_lines": 13, "num_statements": 15, "percent_covered": 86.66666666666667, "percent_covered_display": "87", "missing_lines": 2, "excluded_lines": 0, "percent_statements_covered": 86.66666666666667, "percent_statements_covered_display": "87"}, "missing_lines": [19, 36], "excluded_lines": [], "start_line": 10}, "check_user_exists": {"executed_lines": [39, 40, 41, 42], "summary": {"covered_lines": 4, "num_statements": 4, "percent_covered": 100.0, "percent_covered_display": "100", "missing_lines": 0, "excluded_lines": 0, "percent_statements_covered": 100.0, "percent_statements_covered_display": "100"}, "missing_lines": [], "excluded_lines": [], "start_line": 38}, "get_current_user": {"executed_lines": [46, 47, 49, 50], "summary": {"covered_lines": 4, "num_statements": 5, "percent_covered": 80.0, "percent_covered_display": "80", "missing_lines": 1, "excluded_lines": 0, "percent_statements_covered": 80.0, "percent_statements_covered_display": "80"}, "missing_lines": [48], "excluded_lines": [], "start_line": 44}, "": {"executed_lines": [1, 2, 3, 4, 5, 6, 8, 10, 38, 44], "summary": {"covered_lines": 10, "num_statements": 10, "percent_covered": 100.0, "percent_covered_display": "100", "missing_lines": 0, "excluded_lines": 0, "percent_statements_covered": 100.0, "percent_statements_covered_display": "100"}, "missing_lines": [], "excluded_lines": [], "start_line": 1}}, "classes": {"": {"executed_lines": [1, 2, 3, 4, 5, 6, 8, 10, 15, 18, 20, 21, 22, 23, 26, 27, 29, 30, 32, 33, 34, 38, 39, 40, 41, 42, 44, 46, 47, 49, 50], "summary": {"covered_lines": 31, "num_statements": 34, "percent_covered": 91.17647058823529, "percent_covered_display": "91", "missing_lines": 3, "excluded_lines": 0, "percent_statements_covered": 91.17647058823529, "percent_statements_covered_display": "91"}, "missing_lines": [19, 36, 48], "excluded_lines": [], "start_line": 1}}}, "app\\core\\__init__.py": {"executed_lines": [], "summary": {"covered_lines": 0, "num_statements": 0, "percent_covered": 100.0, "percent_covered_display": "100", "missing_lines": 0, "excluded_lines": 0, "percent_statements_covered": 100.0, "percent_statements_covered_display": "100"}, "missing_lines": [], "excluded_lines": [], "functions": {"": {"executed_lines": [], "summary": {"covered_lines": 0, "num_statements": 0, "percent_covered": 100.0, "percent_covered_display": "100", "missing_lines": 0, "excluded_lines": 0, "percent_statements_covered": 100.0, "percent_statements_covered_display": "100"}, "missing_lines": [], "excluded_lines": [], "start_line": 1}}, "classes": {"": {"executed_lines": [], "summary": {"covered_lines": 0, "num_statements": 0, "percent_covered": 100.0, "percent_covered_display": "100", "missing_lines": 0, "excluded_lines": 0, "percent_statements_covered": 100.0, "percent_statements_covered_display": "100"}, "missing_lines": [], "excluded_lines": [], "start_line": 1}}}, "app\\core\\cache.py": {"executed_lines": [5, 6, 7, 9, 15, 17, 18, 19, 21, 26, 27, 28, 29, 30, 31, 32, 33, 35, 39, 40, 41, 43, 45, 46], "summary": {"covered_lines": 24, "num_statements": 24, "percent_covered": 100.0, "percent_covered_display": "100", "missing_lines": 0, "excluded_lines": 0, "percent_statements_covered": 100.0, "percent_statements_covered_display": "100"}, "missing_lines": [], "excluded_lines": [], "functions": {"ShortLivedCache.__init__": {"executed_lines": [17, 18, 19], "summary": {"covered_lines": 3, "num_statements": 3, "percent_covered": 100.0, "percent_covered_display": "100", "missing_lines": 0, "excluded_lines": 0, "percent_statements_covered": 100.0, "percent_statements_covered_display": "100"}, "missing_lines": [], "excluded_lines": [], "start_line": 15}, "ShortLivedCache.get": {"executed_lines": [26, 27, 28, 29, 30, 31, 32, 33], "summary": {"covered_lines": 8, "num_statements": 8, "percent_covered": 100.0, "percent_covered_display": "100", "missing_lines": 0, "excluded_lines": 0, "percent_statements_covered": 100.0, "percent_statements_covered_display": "100"}, "missing_lines": [], "excluded_lines": [], "start_line": 21}, "ShortLivedCache.set": {"executed_lines": [39, 40, 41], "summary": {"covered_lines": 3, "num_statements": 3, "percent_covered": 100.0, "percent_covered_display": "100", "missing_lines": 0, "excluded_lines": 0, "percent_statements_covered": 100.0, "percent_statements_covered_display": "100"}, "missing_lines": [], "excluded_lines": [], "start_line": 35}, "ShortLivedCache.clear": {"executed_lines": [45, 46], "summary": {"covered_lines": 2, "num_statements": 2, "percent_covered": 100.0, "percent_covered_display": "100", "missing_lines": 0, "excluded_lines": 0, "percent_statements_covered": 100.0, "percent_statements_covered_display": "100"}, "missing_lines": [], "excluded_lines": [], "start_line": 43}, "": {"executed_lines": [5, 6, 7, 9, 15, 21, 35, 43], "summary": {"covered_lines": 8, "num_statements": 8, "percent_covered": 100.0, "percent_covered_display": "100", "missing_lines": 0, "excluded_lines": 0, "percent_statements_covered": 100.0, "percent_statements_covered_display": "100"}, "missing_lines": [], "excluded_lines": [], "start_line": 1}}, "classes": {"ShortLivedCache": {"executed_lines": [17, 18, 19, 26, 27, 28, 29, 30, 31, 32, 33, 39, 40, 41, 45, 46], "summary": {"covered_lines": 16, "num_statements": 16, "percent_covered": 100.0, "percent_covered_display": "100", "missing_lines": 0, "excluded_lines": 0, "percent_statements_covered": 100.0, "percent_statements_covered_display": "100"}, "missing_lines": [], "excluded_lines": [], "start_line": 9}, "": {"executed_lines": [5, 6, 7, 9, 15, 21, 35, 43], "summary": {"covered_lines": 8, "num_statements": 8, "percent_covered": 100.0, "percent_covered_display": "100", "missing_lines": 0, "excluded_lines": 0, "percent_statements_covered": 100.0, "percent_statements_covered_display": "100"}, "missing_lines": [], "excluded_lines": [], "start_line": 1}}}, "app\\core\\config.py": {"executed_lines": [5, 6, 9, 15, 18, 21, 24, 27, 29, 35, 38, 41, 47, 50, 57, 63, 66, 72], "summary": {"covered_lines": 18, "num_statements": 18, "percent_covered": 100.0, "percent_covered_display": "100", "missing_lines": 0, "excluded_lines": 0, "percent_statements_covered": 100.0, "percent_statements_covered_display": "100"}, "missing_lines": [], "excluded_lines": [], "functions": {"": {"executed_lines": [5, 6, 9, 15, 18, 21, 24, 27, 29, 35, 38, 41, 47, 50, 57, 63, 66, 72], "summary": {"covered_lines": 18, "num_statements": 18, "percent_covered": 100.0, "percent_covered_display": "100", "missing_lines": 0, "excluded_lines": 0, "percent_statements_covered": 100.0, "percent_statements_covered_display": "100"}, "missing_lines": [], "excluded_lines": [], "start_line": 1}}, "classes": {"": {"executed_lines": [5, 6, 9, 15, 18, 21, 24, 27, 29, 35, 38, 41, 47, 50, 57, 63, 66, 72], "summary": {"covered_lines": 18, "num_statements": 18, "percent_covered": 100.0, "percent_covered_display": "100", "missing_lines": 0, "excluded_lines": 0, "percent_statements_covered": 100.0, "percent_statements_covered_display": "100"}, "missing_lines": [], "excluded_lines": [], "start_line": 1}}}, "app\\core\\database.py": {"executed_lines": [4, 5, 6, 7, 9, 10, 15, 18, 20, 25, 26, 27, 29], "summary": {"covered_lines": 13, "num_statements": 13, "percent_covered": 100.0, "percent_covered_display": "100", "missing_lines": 0, "excluded_lines": 0, "percent_statements_covered": 100.0, "percent_statements_covered_display": "100"}, "missing_lines": [], "excluded_lines": [], "functions": {"get_db": {"executed_lines": [25, 26, 27, 29], "summary": {"covered_lines": 4, "num_statements": 4, "percent_covered": 100.0, "percent_covered_display": "100", "missing_lines": 0, "excluded_lines": 0, "percent_statements_covered": 100.0, "percent_statements_covered_display": "100"}, "missing_lines": [], "excluded_lines": [], "start_line": 20}, "": {"executed_lines": [4, 5, 6, 7, 9, 10, 15, 18, 20], "summary": {"covered_lines": 9, "num_statements": 9, "percent_covered": 100.0, "percent_covered_display": "100", "missing_lines": 0, "excluded_lines": 0, "percent_statements_covered": 100.0, "percent_statements_covered_display": "100"}, "missing_lines": [], "excluded_lines": [], "start_line": 1}}, "classes": {"": {"executed_lines": [4, 5, 6, 7, 9, 10, 15, 18, 20, 25, 26, 27, 29], "summary": {"covered_lines": 13, "num_statements": 13, "percent_covered": 100.0, "percent_covered_display": "100", "missing_lines": 0, "excluded_lines": 0, "percent_statements_covered": 100.0, "percent_statements_covered_display": "100"}, "missing_lines": [], "excluded_lines": [], "start_line": 1}}}, "app\\core\\jql_config.py": {"executed_lines": [5, 13, 17, 21], "summary": {"covered_lines": 4, "num_statements": 4, "percent_covered": 100.0, "percent_covered_display": "100", "missing_lines": 0, "excluded_lines": 0, "percent_statements_covered": 100.0, "percent_statements_covered_display": "100"}, "missing_lines": [], "excluded_lines": [], "functions": {"": {"executed_lines": [5, 13, 17, 21], "summary": {"covered_lines": 4, "num_statements": 4, "percent_covered": 100.0, "percent_covered_display": "100", "missing_lines": 0, "excluded_lines": 0, "percent_statements_covered": 100.0, "percent_statements_covered_display": "100"}, "missing_lines": [], "excluded_lines": [], "start_line": 1}}, "classes": {"JQLQueries": {"executed_lines": [], "summary": {"covered_lines": 0, "num_statements": 0, "percent_covered": 100.0, "percent_covered_display": "100", "missing_lines": 0, "excluded_lines": 0, "percent_statements_covered": 100.0, "percent_statements_covered_display": "100"}, "missing_lines": [], "excluded_lines": [], "start_line": 5}, "": {"executed_lines": [5, 13, 17, 21], "summary": {"covered_lines": 4, "num_statements": 4, "percent_covered": 100.0, "percent_covered_display": "100", "missing_lines": 0, "excluded_lines": 0, "percent_statements_covered": 100.0, "percent_statements_covered_display": "100"}, "missing_lines": [], "excluded_lines": [], "start_line": 1}}}, "app\\core\\middleware.py": {"executed_lines": [2, 3, 4, 5, 6, 7, 8, 9, 11, 12, 13, 15, 16, 17, 18, 20, 21, 29, 30, 32, 33, 34, 35, 36, 37, 38, 39, 40, 41, 45, 46, 47, 54, 55, 59, 61], "summary": {"covered_lines": 36, "num_statements": 46, "percent_covered": 78.26086956521739, "percent_covered_display": "78", "missing_lines": 10, "excluded_lines": 0, "percent_statements_covered": 78.26086956521739, "percent_statements_covered_display": "78"}, "missing_lines": [22, 23, 24, 25, 26, 27, 42, 43, 56, 57], "excluded_lines": [], "functions": {"AuditMiddleware.dispatch": {"executed_lines": [13, 15, 16, 17, 18, 20, 21, 29, 30, 32, 33, 34, 35, 36, 37, 38, 39, 40, 41, 45, 46, 47, 54, 55, 59, 61], "summary": {"covered_lines": 26, "num_statements": 36, "percent_covered": 72.22222222222223, "percent_covered_display": "72", "missing_lines": 10, "excluded_lines": 0, "percent_statements_covered": 72.22222222222223, "percent_statements_covered_display": "72"}, "missing_lines": [22, 23, 24, 25, 26, 27, 42, 43, 56, 57], "excluded_lines": [], "start_line": 12}, "": {"executed_lines": [2, 3, 4, 5, 6, 7, 8, 9, 11, 12], "summary": {"covered_lines": 10, "num_statements": 10, "percent_covered": 100.0, "percent_covered_display": "100", "missing_lines": 0, "excluded_lines": 0, "percent_statements_covered": 100.0, "percent_statements_covered_display": "100"}, "missing_lines": [], "excluded_lines": [], "start_line": 1}}, "classes": {"AuditMiddleware": {"executed_lines": [13, 15, 16, 17, 18, 20, 21, 29, 30, 32, 33, 34, 35, 36, 37, 38, 39, 40, 41, 45, 46, 47, 54, 55, 59, 61], "summary": {"covered_lines": 26, "num_statements": 36, "percent_covered": 72.22222222222223, "percent_covered_display": "72", "missing_lines": 10, "excluded_lines": 0, "percent_statements_covered": 72.22222222222223, "percent_statements_covered_display": "72"}, "missing_lines": [22, 23, 24, 25, 26, 27, 42, 43, 56, 57], "excluded_lines": [], "start_line": 11}, "": {"executed_lines": [2, 3, 4, 5, 6, 7, 8, 9, 11, 12], "summary": {"covered_lines": 10, "num_statements": 10, "percent_covered": 100.0, "percent_covered_display": "100", "missing_lines": 0, "excluded_lines": 0, "percent_statements_covered": 100.0, "percent_statements_covered_display": "100"}, "missing_lines": [], "excluded_lines": [], "start_line": 1}}}, "app\\core\\scheduler.py": {"executed_lines": [4, 5, 6, 7, 9, 10, 11, 13, 15, 20, 21, 22, 24, 25, 26, 28, 29, 30, 31, 32, 38, 40, 43, 44, 46, 52, 53, 55, 58, 59, 60], "summary": {"covered_lines": 31, "num_statements": 34, "percent_covered": 91.17647058823529, "percent_covered_display": "91", "missing_lines": 3, "excluded_lines": 0, "percent_statements_covered": 91.17647058823529, "percent_statements_covered_display": "91"}, "missing_lines": [34, 35, 36], "excluded_lines": [], "functions": {"scheduled_sync_job": {"executed_lines": [20, 21, 22, 24, 25, 26, 28, 29, 30, 31, 32, 38], "summary": {"covered_lines": 12, "num_statements": 15, "percent_covered": 80.0, "percent_covered_display": "80", "missing_lines": 3, "excluded_lines": 0, "percent_statements_covered": 80.0, "percent_statements_covered_display": "80"}, "missing_lines": [34, 35, 36], "excluded_lines": [], "start_line": 15}, "start_scheduler": {"executed_lines": [43, 44, 46, 52, 53], "summary": {"covered_lines": 5, "num_statements": 5, "percent_covered": 100.0, "percent_covered_display": "100", "missing_lines": 0, "excluded_lines": 0, "percent_statements_covered": 100.0, "percent_statements_covered_display": "100"}, "missing_lines": [], "excluded_lines": [], "start_line": 40}, "stop_scheduler": {"executed_lines": [58, 59, 60], "summary": {"covered_lines": 3, "num_statements": 3, "percent_covered": 100.0, "percent_covered_display": "100", "missing_lines": 0, "excluded_lines": 0, "percent_statements_covered": 100.0, "percent_statements_covered_display": "100"}, "missing_lines": [], "excluded_lines": [], "start_line": 55}, "": {"executed_lines": [4, 5, 6, 7, 9, 10, 11, 13, 15, 40, 55], "summary": {"covered_lines": 11, "num_statements": 11, "percent_covered": 100.0, "percent_covered_display": "100", "missing_lines": 0, "excluded_lines": 0, "percent_statements_covered": 100.0, "percent_statements_covered_display": "100"}, "missing_lines": [], "excluded_lines": [], "start_line": 1}}, "classes": {"": {"executed_lines": [4, 5, 6, 7, 9, 10, 11, 13, 15, 20, 21, 22, 24, 25, 26, 28, 29, 30, 31, 32, 38, 40, 43, 44, 46, 52, 53, 55, 58, 59, 60], "summary": {"covered_lines": 31, "num_statements": 34, "percent_covered": 91.17647058823529, "percent_covered_display": "91", "missing_lines": 3, "excluded_lines": 0, "percent_statements_covered": 91.17647058823529, "percent_statements_covered_display": "91"}, "missing_lines": [34, 35, 36], "excluded_lines": [], "start_line": 1}}}, "app\\core\\security.py": {"executed_lines": [4, 5, 6, 7, 8, 9, 10, 11, 12, 17, 18, 20, 21, 22, 25, 26, 29, 30, 31, 33, 35, 36, 37, 38, 39, 40, 42, 44, 45, 46, 47, 48, 49, 50, 51, 56, 60, 61, 62, 69, 70, 71, 73, 77, 78, 79, 80, 81, 82, 83, 84, 85, 86, 87, 89, 93, 95, 99, 100, 102, 103, 104, 107, 108, 109, 110, 112, 113, 114, 116, 118, 119, 123, 125, 128, 140, 151, 157, 158, 159, 160, 162, 165, 171, 173, 175, 177, 178, 180, 181, 184, 197, 198, 199, 204], "summary": {"covered_lines": 95, "num_statements": 113, "percent_covered": 84.070796460177, "percent_covered_display": "84", "missing_lines": 18, "excluded_lines": 0, "percent_statements_covered": 84.070796460177, "percent_statements_covered_display": "84"}, "missing_lines": [52, 53, 54, 111, 120, 121, 182, 185, 186, 187, 188, 189, 190, 191, 192, 193, 195, 200], "excluded_lines": [], "functions": {"encrypt_jira_token": {"executed_lines": [35, 36, 37, 38, 39, 40], "summary": {"covered_lines": 6, "num_statements": 6, "percent_covered": 100.0, "percent_covered_display": "100", "missing_lines": 0, "excluded_lines": 0, "percent_statements_covered": 100.0, "percent_statements_covered_display": "100"}, "missing_lines": [], "excluded_lines": [], "start_line": 33}, "decrypt_jira_token": {"executed_lines": [44, 45, 46, 47, 48, 49, 50, 51], "summary": {"covered_lines": 8, "num_statements": 11, "percent_covered": 72.72727272727273, "percent_covered_display": "73", "missing_lines": 3, "excluded_lines": 0, "percent_statements_covered": 72.72727272727273, "percent_statements_covered_display": "73"}, "missing_lines": [52, 53, 54], "excluded_lines": [], "start_line": 42}, "create_jwt_token": {"executed_lines": [60, 61, 62, 69, 70, 71], "summary": {"covered_lines": 6, "num_statements": 6, "percent_covered": 100.0, "percent_covered_display": "100", "missing_lines": 0, "excluded_lines": 0, "percent_statements_covered": 100.0, "percent_statements_covered_display": "100"}, "missing_lines": [], "excluded_lines": [], "start_line": 56}, "verify_jwt_token": {"executed_lines": [77, 78, 79, 80, 81, 82, 83, 84, 85, 86, 87], "summary": {"covered_lines": 11, "num_statements": 11, "percent_covered": 100.0, "percent_covered_display": "100", "missing_lines": 0, "excluded_lines": 0, "percent_statements_covered": 100.0, "percent_statements_covered_display": "100"}, "missing_lines": [], "excluded_lines": [], "start_line": 73}, "sign_session_id": {"executed_lines": [93], "summary": {"covered_lines": 1, "num_statements": 1, "percent_covered": 100.0, "percent_covered_display": "100", "missing_lines": 0, "excluded_lines": 0, "percent_statements_covered": 100.0, "percent_statements_covered_display": "100"}, "missing_lines": [], "excluded_lines": [], "start_line": 89}, "verify_session_id": {"executed_lines": [99, 100, 102, 103, 104, 107, 108, 109, 110, 112, 113, 114], "summary": {"covered_lines": 12, "num_statements": 13, "percent_covered": 92.3076923076923, "percent_covered_display": "92", "missing_lines": 1, "excluded_lines": 0, "percent_statements_covered": 92.3076923076923, "percent_statements_covered_display": "92"}, "missing_lines": [111], "excluded_lines": [], "start_line": 95}, "verify_password": {"executed_lines": [118, 119], "summary": {"covered_lines": 2, "num_statements": 4, "percent_covered": 50.0, "percent_covered_display": "50", "missing_lines": 2, "excluded_lines": 0, "percent_statements_covered": 50.0, "percent_statements_covered_display": "50"}, "missing_lines": [120, 121], "excluded_lines": [], "start_line": 116}, "hash_password": {"executed_lines": [125], "summary": {"covered_lines": 1, "num_statements": 1, "percent_covered": 100.0, "percent_covered_display": "100", "missing_lines": 0, "excluded_lines": 0, "percent_statements_covered": 100.0, "percent_statements_covered_display": "100"}, "missing_lines": [], "excluded_lines": [], "start_line": 123}, "get_current_user": {"executed_lines": [157, 158, 159, 160, 162, 165, 171, 173, 175, 177, 178, 180, 181, 184, 197, 198, 199, 204], "summary": {"covered_lines": 18, "num_statements": 30, "percent_covered": 60.0, "percent_covered_display": "60", "missing_lines": 12, "excluded_lines": 0, "percent_statements_covered": 60.0, "percent_statements_covered_display": "60"}, "missing_lines": [182, 185, 186, 187, 188, 189, 190, 191, 192, 193, 195, 200], "excluded_lines": [], "start_line": 151}, "": {"executed_lines": [4, 5, 6, 7, 8, 9, 10, 11, 12, 17, 18, 20, 21, 22, 25, 26, 29, 30, 31, 33, 42, 56, 73, 89, 95, 116, 123, 128, 140, 151], "summary": {"covered_lines": 30, "num_statements": 30, "percent_covered": 100.0, "percent_covered_display": "100", "missing_lines": 0, "excluded_lines": 0, "percent_statements_covered": 100.0, "percent_statements_covered_display": "100"}, "missing_lines": [], "excluded_lines": [], "start_line": 1}}, "classes": {"": {"executed_lines": [4, 5, 6, 7, 8, 9, 10, 11, 12, 17, 18, 20, 21, 22, 25, 26, 29, 30, 31, 33, 35, 36, 37, 38, 39, 40, 42, 44, 45, 46, 47, 48, 49, 50, 51, 56, 60, 61, 62, 69, 70, 71, 73, 77, 78, 79, 80, 81, 82, 83, 84, 85, 86, 87, 89, 93, 95, 99, 100, 102, 103, 104, 107, 108, 109, 110, 112, 113, 114, 116, 118, 119, 123, 125, 128, 140, 151, 157, 158, 159, 160, 162, 165, 171, 173, 175, 177, 178, 180, 181, 184, 197, 198, 199, 204], "summary": {"covered_lines": 95, "num_statements": 113, "percent_covered": 84.070796460177, "percent_covered_display": "84", "missing_lines": 18, "excluded_lines": 0, "percent_statements_covered": 84.070796460177, "percent_statements_covered_display": "84"}, "missing_lines": [52, 53, 54, 111, 120, 121, 182, 185, 186, 187, 188, 189, 190, 191, 192, 193, 195, 200], "excluded_lines": [], "start_line": 1}}}, "app\\datasources\\jira_datasource.py": {"executed_lines": [6, 7, 8, 9, 10, 11, 12, 14, 16, 19, 26, 32, 33, 41, 42, 43, 47, 49, 50, 51, 54, 57, 58, 60, 61, 62, 63, 64, 68, 70, 72, 73, 74, 76, 77, 78, 79, 80, 81, 83, 84, 85, 97, 98, 107, 113, 116, 117, 118, 119, 120, 124, 125, 126, 130, 131, 132, 139, 140, 142, 144, 146, 147, 148, 155, 156, 158, 160, 162, 163, 164, 171, 172, 174, 176, 178, 179, 180, 194, 195, 196], "summary": {"covered_lines": 81, "num_statements": 104, "percent_covered": 77.88461538461539, "percent_covered_display": "78", "missing_lines": 23, "excluded_lines": 0, "percent_statements_covered": 77.88461538461539, "percent_statements_covered_display": "78"}, "missing_lines": [59, 114, 121, 128, 141, 143, 157, 159, 173, 175, 187, 188, 189, 190, 191, 192, 204, 205, 206, 207, 208, 209, 210], "excluded_lines": [], "functions": {"JiraDatasource.get_auth_credentials": {"executed_lines": [41, 42, 43, 47, 49, 50, 51, 54, 57, 58, 60, 61, 62, 63, 64, 68, 70], "summary": {"covered_lines": 17, "num_statements": 18, "percent_covered": 94.44444444444444, "percent_covered_display": "94", "missing_lines": 1, "excluded_lines": 0, "percent_statements_covered": 94.44444444444444, "percent_statements_covered_display": "94"}, "missing_lines": [59], "excluded_lines": [], "start_line": 33}, "JiraDatasource.fetch_projects": {"ex
[...]
1}}, "classes": {"": {"executed_lines": [5, 6, 7, 8, 9, 11, 18, 19, 22, 23, 26, 28, 29, 30, 31, 32, 34, 35, 36, 38, 39, 41, 49, 50, 51, 52, 55, 57, 58, 63, 65, 67, 68, 70, 81, 82, 87, 88, 90, 91, 92, 93, 96, 99, 100, 102, 104, 105, 108, 110, 112, 123, 124, 128], "summary": {"covered_lines": 54, "num_statements": 58, "percent_covered": 93.10344827586206, "percent_covered_display": "93", "missing_lines": 4, "excluded_lines": 0, "percent_statements_covered": 93.10344827586206, "percent_statements_covered_display": "93"}, "missing_lines": [60, 84, 94, 126], "excluded_lines": [], "start_line": 1}}}, "app\\services\\percentiles_service.py": {"executed_lines": [2, 3, 4, 6, 19, 21, 23, 24, 25, 28, 31, 32, 34, 36, 37, 38, 39, 42, 44, 53, 54, 55, 61, 67, 68, 69, 70, 71, 74, 75, 76, 77, 78, 80, 82], "summary": {"covered_lines": 35, "num_statements": 37, "percent_covered": 94.5945945945946, "percent_covered_display": "95", "missing_lines": 2, "excluded_lines": 0, "percent_statements_covered": 94.5945945945946, "percent_statements_covered_display": "95"}, "missing_lines": [57, 58], "excluded_lines": [], "functions": {"calculate_percentiles": {"executed_lines": [19, 21, 23, 24, 25, 28, 31, 32, 34, 36, 37, 38, 39, 42, 44, 53, 54, 55, 61, 67, 68, 69, 70, 71, 74, 75, 76, 77, 78, 80, 82], "summary": {"covered_lines": 31, "num_statements": 33, "percent_covered": 93.93939393939394, "percent_covered_display": "94", "missing_lines": 2, "excluded_lines": 0, "percent_statements_covered": 93.93939393939394, "percent_statements_covered_display": "94"}, "missing_lines": [57, 58], "excluded_lines": [], "start_line": 6}, "": {"executed_lines": [2, 3, 4, 6], "summary": {"covered_lines": 4, "num_statements": 4, "percent_covered": 100.0, "percent_covered_display": "100", "missing_lines": 0, "excluded_lines": 0, "percent_statements_covered": 100.0, "percent_statements_covered_display": "100"}, "missing_lines": [], "excluded_lines": [], "start_line": 1}}, "classes": {"": {"executed_lines": [2, 3, 4, 6, 19, 21, 23, 24, 25, 28, 31, 32, 34, 36, 37, 38, 39, 42, 44, 53, 54, 55, 61, 67, 68, 69, 70, 71, 74, 75, 76, 77, 78, 80, 82], "summary": {"covered_lines": 35, "num_statements": 37, "percent_covered": 94.5945945945946, "percent_covered_display": "95", "missing_lines": 2, "excluded_lines": 0, "percent_statements_covered": 94.5945945945946, "percent_statements_covered_display": "95"}, "missing_lines": [57, 58], "excluded_lines": [], "start_line": 1}}}, "app\\services\\performance_score_engine.py": {"executed_lines": [4, 5, 6, 7, 8, 10, 30, 31, 34, 35, 38, 41, 42, 43, 45, 48, 51, 52, 53, 55, 58, 59, 61, 72, 84, 85, 87, 88, 94, 95, 101, 102, 109, 116, 129, 130, 131, 134, 135, 136, 137, 138, 139, 140, 149, 150, 166, 167, 168, 169, 174, 182, 183, 185, 186, 187, 193, 194, 195, 196, 198, 199, 200, 203, 204, 205, 207, 208, 209, 210, 211, 212, 213, 214, 217, 229, 230, 233, 240, 241, 242, 243, 244, 248, 249, 250, 251, 253, 254, 256, 258, 276, 279, 280, 281, 282, 285, 292, 294], "summary": {"covered_lines": 99, "num_statements": 111, "percent_covered": 89.1891891891892, "percent_covered_display": "89", "missing_lines": 12, "excluded_lines": 0, "percent_statements_covered": 89.1891891891892, "percent_statements_covered_display": "89"}, "missing_lines": [39, 145, 146, 147, 170, 171, 172, 184, 188, 189, 190, 246], "excluded_lines": [], "functions": {"calculate_performance_score": {"executed_lines": [30, 31, 34, 35, 38, 41, 42, 43, 45, 48, 51, 52, 53, 55, 58, 59, 61], "summary": {"covered_lines": 17, "num_statements": 18, "percent_covered": 94.44444444444444, "percent_covered_display": "94", "missing_lines": 1, "excluded_lines": 0, "percent_statements_covered": 94.44444444444444, "percent_statements_covered_display": "94"}, "missing_lines": [39], "excluded_lines": [], "start_line": 10}, "determine_quadrant": {"executed_lines": [84, 85, 87, 88, 94, 95, 101, 102, 109], "summary": {"covered_lines": 9, "num_statements": 9, "percent_covered": 100.0, "percent_covered_display": "100", "missing_lines": 0, "excluded_lines": 0, "percent_statements_covered": 100.0, "percent_statements_covered_display": "100"}, "missing_lines": [], "excluded_lines": [], "start_line": 72}, "calculate_team_performance_matrix": {"executed_lines": [129, 130, 131, 134, 135, 136, 137, 138, 139, 140, 149, 150, 166, 167, 168, 169, 174, 182, 193, 194, 195, 196, 198, 199, 200, 203, 204, 205, 207, 208, 209, 210, 211, 212, 213, 214, 217, 229, 230, 233, 240, 241, 242, 243, 244, 248, 249, 250, 251, 253, 254, 256, 258, 276, 279, 280, 281, 282, 285, 292, 294], "summary": {"covered_lines": 61, "num_statements": 68, "percent_covered": 89.70588235294117, "percent_covered_display": "90", "missing_lines": 7, "excluded_lines": 0, "percent_statements_covered": 89.70588235294117, "percent_statements_covered_display": "90"}, "missing_lines": [145, 146, 147, 170, 171, 172, 246], "excluded_lines": [], "start_line": 116}, "calculate_team_performance_matrix.extract_kpi": {"executed_lines": [183, 185, 186, 187], "summary": {"covered_lines": 4, "num_statements": 8, "percent_covered": 50.0, "percent_covered_display": "50", "missing_lines": 4, "excluded_lines": 0, "percent_statements_covered": 50.0, "percent_statements_covered_display": "50"}, "missing_lines": [184, 188, 189, 190], "excluded_lines": [], "start_line": 182}, "": {"executed_lines": [4, 5, 6, 7, 8, 10, 72, 116], "summary": {"covered_lines": 8, "num_statements": 8, "percent_covered": 100.0, "percent_covered_display": "100", "missing_lines": 0, "excluded_lines": 0, "percent_statements_covered": 100.0, "percent_statements_covered_display": "100"}, "missing_lines": [], "excluded_lines": [], "start_line": 1}}, "classes": {"": {"executed_lines": [4, 5, 6, 7, 8, 10, 30, 31, 34, 35, 38, 41, 42, 43, 45, 48, 51, 52, 53, 55, 58, 59, 61, 72, 84, 85, 87, 88, 94, 95, 101, 102, 109, 116, 129, 130, 131, 134, 135, 136, 137, 138, 139, 140, 149, 150, 166, 167, 168, 169, 174, 182, 183, 185, 186, 187, 193, 194, 195, 196, 198, 199, 200, 203, 204, 205, 207, 208, 209, 210, 211, 212, 213, 214, 217, 229, 230, 233, 240, 241, 242, 243, 244, 248, 249, 250, 251, 253, 254, 256, 258, 276, 279, 280, 281, 282, 285, 292, 294], "summary": {"covered_lines": 99, "num_statements": 111, "percent_covered": 89.1891891891892, "percent_covered_display": "89", "missing_lines": 12, "excluded_lines": 0, "percent_statements_covered": 89.1891891891892, "percent_statements_covered_display": "89"}, "missing_lines": [39, 145, 146, 147, 170, 171, 172, 184, 188, 189, 190, 246], "excluded_lines": [], "start_line": 1}}}, "app\\services\\report_service.py": {"executed_lines": [5, 6, 7, 8, 9, 10, 13, 14, 15, 16, 17, 18, 22, 23, 24, 25, 26, 27, 28, 29, 30, 31, 32, 33, 34, 37, 38, 41, 44, 45, 47, 49, 50, 52, 53, 54, 55, 56, 57, 58, 60, 61, 62, 63, 64, 67, 69, 71, 73, 79, 80, 81, 84, 86, 87, 88, 89, 90, 93, 95, 96, 97, 99, 100, 101, 103, 104, 106, 107, 110, 111, 112, 113, 114, 115, 116, 117, 119, 120, 121, 123, 124, 125, 126, 127, 129, 130, 131, 132, 133, 136, 138, 139, 141, 142, 144, 146, 149, 150, 152, 153, 154, 156, 157, 158, 159, 160, 162, 163, 164, 165, 166, 169, 171, 172, 174, 175, 177, 179, 181, 182, 184, 185, 186, 188, 189, 190, 191, 192, 194, 195, 196, 197, 198, 201, 206, 207, 209, 211, 212, 213, 214, 217, 218, 219, 220, 221, 224, 225, 227, 228, 229, 233, 234, 240, 241, 246, 249, 250, 251, 253, 263, 264, 265, 267, 268, 270, 272, 281, 282, 283, 284, 285, 286, 287, 288, 296, 298, 299, 300, 303, 304, 305, 306, 307, 310, 311, 312, 313, 314, 315, 316, 319, 320, 321, 322, 323, 324, 327, 328, 329, 330, 331, 332, 335, 337, 342, 345, 346, 347, 349, 350, 351, 352, 353, 355, 357, 358, 359, 360, 362, 363, 364, 366, 367, 368, 369, 372, 379, 380, 381, 386, 387, 390, 391, 394, 395, 396, 397, 398, 403, 404, 405, 406, 407, 412, 413, 414, 415, 416, 420, 421, 424, 425, 426, 428, 429, 431, 437, 439], "summary": {"covered_lines": 260, "num_statements": 270, "percent_covered": 96.29629629629629, "percent_covered_display": "96", "missing_lines": 10, "excluded_lines": 0, "percent_statements_covered": 96.29629629629629, "percent_statements_covered_display": "96"}, "missing_lines": [70, 230, 231, 232, 273, 279, 374, 375, 376, 377], "excluded_lines": [], "functions": {"PDFReportGenerator.__init__": {"executed_lines": [45], "summary": {"covered_lines": 1, "num_statements": 1, "percent_covered": 100.0, "percent_covered_display": "100", "missing_lines": 0, "excluded_lines": 0, "percent_statements_covered": 100.0, "percent_statements_covered_display": "100"}, "missing_lines": [], "excluded_lines": [], "start_line": 44}, "PDFReportGenerator.header": {"executed_lines": [49, 50, 52, 53, 54, 55, 56, 57, 58], "summary": {"covered_lines": 9, "num_statements": 9, "percent_covered": 100.0, "percent_covered_display": "100", "missing_lines": 0, "excluded_lines": 0, "percent_statements_covered": 100.0, "percent_statements_covered_display": "100"}, "missing_lines": [], "excluded_lines": [], "start_line": 47}, "PDFReportGenerator.footer": {"executed_lines": [61, 62, 63, 64], "summary": {"covered_lines": 4, "num_statements": 4, "percent_covered": 100.0, "percent_covered_display": "100", "missing_lines": 0, "excluded_lines": 0, "percent_statements_covered": 100.0, "percent_statements_covered_display": "100"}, "missing_lines": [], "excluded_lines": [], "start_line": 60}, "sanitize_text": {"executed_lines": [69, 71, 73, 79, 80, 81], "summary": {"covered_lines": 6, "num_statements": 7, "percent_covered": 85.71428571428571, "percent_covered_display": "86", "missing_lines": 1, "excluded_lines": 0, "percent_statements_covered": 85.71428571428571, "percent_statements_covered_display": "86"}, "missing_lines": [70], "excluded_lines": [], "start_line": 67}, "_section_title": {"executed_lines": [86, 87, 88, 89, 90], "summary": {"covered_lines": 5, "num_statements": 5, "percent_covered": 100.0, "percent_covered_display": "100", "missing_lines": 0, "excluded_lines": 0, "percent_statements_covered": 100.0, "percent_statements_covered_display": "100"}, "missing_lines": [], "excluded_lines": [], "start_line": 84}, "_generate_chart_1": {"executed_lines": [95, 96, 97, 99, 100, 101, 103, 104, 106, 107, 110, 111, 112, 113, 114, 115, 116, 117, 119, 120, 121, 123, 124, 125, 126, 127, 129, 130, 131, 132, 133], "summary": {"covered_lines": 31, "num_statements": 31, "percent_covered": 100.0, "percent_covered_display": "100", "missing_lines": 0, "excluded_lines": 0, "percent_statements_covered": 100.0, "percent_statements_covered_display": "100"}, "missing_lines": [], "excluded_lines": [], "start_line": 93}, "_generate_chart_2": {"executed_lines": [138, 139, 141, 142, 144, 146, 149, 150, 152, 153, 154, 156, 157, 158, 159, 160, 162, 163, 164, 165, 166], "summary": {"covered_lines": 21, "num_statements": 21, "percent_covered": 100.0, "percent_covered_display": "100", "missing_lines": 0, "excluded_lines": 0, "percent_statements_covered": 100.0, "percent_statements_covered_display": "100"}, "missing_lines": [], "excluded_lines": [], "start_line": 136}, "_generate_chart_3": {"executed_lines": [171, 172, 174, 175, 177, 179, 181, 182, 184, 185, 186, 188, 189, 190, 191, 192, 194, 195, 196, 197, 198], "summary": {"covered_lines": 21, "num_statements": 21, "percent_covered": 100.0, "percent_covered_display": "100", "missing_lines": 0, "excluded_lines": 0, "percent_statements_covered": 100.0, "percent_statements_covered_display": "100"}, "missing_lines": [], "excluded_lines": [], "start_line": 169}, "generate_pdf_report_bytes": {"executed_lines": [206, 207, 209, 211, 212, 213, 214, 217, 218, 219, 220, 221, 224, 225, 227, 228, 229, 233, 234, 240, 241, 246, 249, 250, 251, 253, 263, 264, 265, 267, 268, 270, 272, 281, 282, 283, 284, 285, 286, 287, 288, 296, 298, 299, 300, 303, 304, 305, 306, 307, 310, 311, 312, 313, 314, 315, 316, 319, 320, 321, 322, 323, 324, 327, 328, 329, 330, 331, 332, 335, 337, 342, 345, 346, 347, 349, 350, 351, 352, 353, 355, 357, 358, 359, 360, 362, 363, 364, 366, 367, 368, 369, 372, 379, 380, 381, 386, 387, 390, 391, 394, 395, 396, 397, 398, 403, 404, 405, 406, 407, 412, 413, 414, 415, 416, 420, 421, 424, 425, 426, 428, 429, 431, 437, 439], "summary": {"covered_lines": 125, "num_statements": 134, "percent_covered": 93.28358208955224, "percent_covered_display": "93", "missing_lines": 9, "excluded_lines": 0, "percent_statements_covered": 93.28358208955224, "percent_statements_covered_display": "93"}, "missing_lines": [230, 231, 232, 273, 279, 374, 375, 376, 377], "excluded_lines": [], "start_line": 201}, "": {"executed_lines": [5, 6, 7, 8, 9, 10, 13, 14, 15, 16, 17, 18, 22, 23, 24, 25, 26, 27, 28, 29, 30, 31, 32, 33, 34, 37, 38, 41, 44, 47, 60, 67, 84, 93, 136, 169, 201], "summary": {"covered_lines": 37, "num_statements": 37, "percent_covered": 100.0, "percent_covered_display": "100", "missing_lines": 0, "excluded_lines": 0, "percent_statements_covered": 100.0, "percent_statements_covered_display": "100"}, "missing_lines": [], "excluded_lines": [], "start_line": 1}}, "classes": {"PDFReportGenerator": {"executed_lines": [45, 49, 50, 52, 53, 54, 55, 56, 57, 58, 61, 62, 63, 64], "summary": {"covered_lines": 14, "num_statements": 14, "percent_covered": 100.0, "percent_covered_display": "100", "missing_lines": 0, "excluded_lines": 0, "percent_statements_covered": 100.0, "percent_statements_covered_display": "100"}, "missing_lines": [], "excluded_lines": [], "start_line": 41}, "": {"executed_lines": [5, 6, 7, 8, 9, 10, 13, 14, 15, 16, 17, 18, 22, 23, 24, 25, 26, 27, 28, 29, 30, 31, 32, 33, 34, 37, 38, 41, 44, 47, 60, 67, 69, 71, 73, 79, 80, 81, 84, 86, 87, 88, 89, 90, 93, 95, 96, 97, 99, 100, 101, 103, 104, 106, 107, 110, 111, 112, 113, 114, 115, 116, 117, 119, 120, 121, 123, 124, 125, 126, 127, 129, 130, 131, 132, 133, 136, 138, 139, 141, 142, 144, 146, 149, 150, 152, 153, 154, 156, 157, 158, 159, 160, 162, 163, 164, 165, 166, 169, 171, 172, 174, 175, 177, 179, 181, 182, 184, 185, 186, 188, 189, 190, 191, 192, 194, 195, 196, 197, 198, 201, 206, 207, 209, 211, 212, 213, 214, 217, 218, 219, 220, 221, 224, 225, 227, 228, 229, 233, 234, 240, 241, 246, 249, 250, 251, 253, 263, 264, 265, 267, 268, 270, 272, 281, 282, 283, 284, 285, 286, 287, 288, 296, 298, 299, 300, 303, 304, 305, 306, 307, 310, 311, 312, 313, 314, 315, 316, 319, 320, 321, 322, 323, 324, 327, 328, 329, 330, 331, 332, 335, 337, 342, 345, 346, 347, 349, 350, 351, 352, 353, 355, 357, 358, 359, 360, 362, 363, 364, 366, 367, 368, 369, 372, 379, 380, 381, 386, 387, 390, 391, 394, 395, 396, 397, 398, 403, 404, 405, 406, 407, 412, 413, 414, 415, 416, 420, 421, 424, 425, 426, 428, 429, 431, 437, 439], "summary": {"covered_lines": 246, "num_statements": 256, "percent_covered": 96.09375, "percent_covered_display": "96", "missing_lines": 10, "excluded_lines": 0, "percent_statements_covered": 96.09375, "percent_statements_covered_display": "96"}, "missing_lines": [70, 230, 231, 232, 273, 279, 374, 375, 376, 377], "excluded_lines": [], "start_line": 1}}}, "app\\services\\sprint_health_service.py": {"executed_lines": [5, 6, 7, 8, 9, 11, 27, 28, 29, 30, 31, 35, 36, 37, 38, 39, 40, 41, 42, 43, 46, 49, 50, 52, 53, 54, 55, 57, 58, 61, 69, 70, 71, 72, 75, 76, 77, 78, 80, 83, 84, 85, 87, 88, 90, 91, 92, 93, 94, 95, 96, 97, 98, 103, 104, 109, 110, 111, 114, 116, 117, 118, 120, 121, 125, 134, 135, 136, 137, 138, 139, 140, 141, 148, 149, 150, 157, 158, 165, 194, 196, 202, 203, 204, 211, 212, 213, 214, 217, 219, 244, 252, 255, 256, 257, 259, 260, 262, 263, 265, 266, 269, 270, 272, 273, 276, 281, 282, 283, 284, 289, 290, 294, 295, 296, 297, 301, 304, 305, 306, 308, 309, 311, 312, 314, 315, 316, 317, 321, 322, 323, 324, 325, 326, 327, 332, 333, 334, 339, 341, 343, 344, 346, 348, 349, 350, 351, 354, 362], "summary": {"covered_lines": 149, "num_statements": 166, "percent_covered": 89.75903614457832, "percent_covered_display": "90", "missing_lines": 17, "excluded_lines": 0, "percent_statements_covered": 89.75903614457832, "percent_statements_covered_display": "90"}, "missing_lines": [44, 73, 86, 99, 100, 101, 102, 105, 106, 107, 143, 144, 145, 285, 286, 291, 318], "excluded_lines": [], "functions": {"calculate_sprint_health": {"executed_lines": [27, 28, 29, 30, 31, 35, 36, 37, 38, 39, 40, 41, 42, 43, 46, 49, 50, 52, 53, 54, 55, 57, 58, 61, 69, 70, 71, 72, 75, 76, 77, 78, 80, 83, 84, 85, 87, 88, 90, 91, 92, 93, 94, 95, 96, 97, 98, 103, 104, 109, 110, 111, 114, 116, 117, 118, 120, 121, 125, 134, 135, 136, 137, 138, 139, 140, 141, 148, 149, 150, 157, 158, 165], "summary": {"covered_lines": 73, "num_statements": 86, "percent_covered": 84.88372093023256, "percent_covered_display": "85", "missing_lines": 13, "excluded_lines": 0, "percent_statements_covered": 84.88372093023256, "percent_statements_covered_display": "85"}, "missing_lines": [44, 73, 86, 99, 100, 101, 102, 105, 106, 107, 143, 144, 145], "excluded_lines": [], "start_line": 11}, "_build_gemini_insights": {"executed_lines": [196, 202, 203, 204, 211, 212, 213, 214], "summary": {"covered_lines": 8, "num_statements": 8, "percent_covered": 100.0, "percent_covered_display": "100", "missing_lines": 0, "excluded_lines": 0, "percent_statements_covered": 100.0, "percent_statements_covered_display": "100"}, "missing_lines": [], "excluded_lines": [], "start_line": 194}, "_empty_health_response": {"executed_lines": [219], "summary": {"covered_lines": 1, "num_statements": 1, "percent_covered": 100.0, "percent_covered_display": "100", "missing_lines": 0, "excluded_lines": 0, "percent_statements_covered": 100.0, "percent_statements_covered_display": "100"}, "missing_lines": [], "excluded_lines": [], "start_line": 217}, "calculate_burndown_chart_data": {"executed_lines": [252, 255, 256, 257, 259, 260, 262, 263, 265, 266, 269, 270, 272, 273, 276, 281, 282, 283, 284, 289, 290, 294, 295, 296, 297, 301, 304, 305, 306, 308, 309, 311, 312, 314, 315, 316, 317, 321, 322, 323, 324, 325, 326, 327, 332, 333, 334, 339, 341, 343, 344, 346, 348, 349, 350, 351, 354, 362], "summary": {"covered_lines": 58, "num_statements": 62, "percent_covered": 93.54838709677419, "percent_covered_display": "94", "missing_lines": 4, "excluded_lines": 0, "percent_statements_covered": 93.54838709677419, "percent_statements_covered_display": "94"}, "missing_lines": [285, 286, 291, 318], "excluded_lines": [], "start_line": 244}, "": {"executed_lines": [5, 6, 7, 8, 9, 11, 194, 217, 244], "summary": {"covered_lines": 9, "num_statements": 9, "percent_covered": 100.0, "percent_covered_display": "100", "missing_lines": 0, "excluded_lines": 0, "percent_statements_covered": 100.0, "percent_statements_covered_display": "100"}, "missing_lines": [], "excluded_lines": [], "start_line": 1}}, "classes": {"": {"executed_lines": [5, 6, 7, 8, 9, 11, 27, 28, 29, 30, 31, 35, 36, 37, 38, 39, 40, 41, 42, 43, 46, 49, 50, 52, 53, 54, 55, 57, 58, 61, 69, 70, 71, 72, 75, 76, 77, 78, 80, 83, 84, 85, 87, 88, 90, 91, 92, 93, 94, 95, 96, 97, 98, 103, 104, 109, 110, 111, 114, 116, 117, 118, 120, 121, 125, 134, 135, 136, 137, 138, 139, 140, 141, 148, 149, 150, 157, 158, 165, 194, 196, 202, 203, 204, 211, 212, 213, 214, 217, 219, 244, 252, 255, 256, 257, 259, 260, 262, 263, 265, 266, 269, 270, 272, 273, 276, 281, 282, 283, 284, 289, 290, 294, 295, 296, 297, 301, 304, 305, 306, 308, 309, 311, 312, 314, 315, 316, 317, 321, 322, 323, 324, 325, 326, 327, 332, 333, 334, 339, 341, 343, 344, 346, 348, 349, 350, 351, 354, 362], "summary": {"covered_lines": 149, "num_statements": 166, "percent_covered": 89.75903614457832, "percent_covered_display": "90", "missing_lines": 17, "excluded_lines": 0, "percent_statements_covered": 89.75903614457832, "percent_statements_covered_display": "90"}, "missing_lines": [44, 73, 86, 99, 100, 101, 102, 105, 106, 107, 143, 144, 145, 285, 286, 291, 318], "excluded_lines": [], "start_line": 1}}}}, "totals": {"covered_lines": 3112, "num_statements": 3471, "percent_covered": 89.65715932008067, "percent_covered_display": "90", "missing_lines": 359, "excluded_lines": 0, "percent_statements_covered": 89.65715932008067, "percent_statements_covered_display": "90"}}